This is pdfTeX, Version 3.141592653-2.6-1.40.25 (TeX Live 2023) (preloaded format=pdflatex 2024.1.22)  23 JAN 2024 09:57
entering extended mode
 restricted \write18 enabled.
 %&-line parsing enabled.
**anomaly-report.tex
(./anomaly-report.tex
LaTeX2e <2023-11-01> patch level 1
L3 programming layer <2024-01-04>
(./krantz.cls
Document Class: krantz 2005/09/16 v1.4f Standard LaTeX document class
(c:/Users/teixeiec/AppData/Roaming/TinyTeX/texmf-dist/tex/latex/base/bk10.clo
File: bk10.clo 2023/05/17 v1.4n Standard LaTeX file (size option)
)
\trimheight=\dimen140
\trimwidth=\dimen141
\normaltextheight=\dimen142
\tempa=\dimen143
\tempdimen=\dimen144
\htrim=\dimen145
\vtrimtop=\dimen146
\vtrimbot=\dimen147
\ul@box=\box51
\ur@box=\box52
\ll@box=\box53
\lr@box=\box54
\@cipboxa=\box55
\@cipboxb=\box56
\@ciprulewidth=\dimen148
\c@part=\count187
\c@chapter=\count188
\c@section=\count189
\c@subsection=\count190
\c@subsubsection=\count191
\c@paragraph=\count192
\c@subparagraph=\count193
\secwd=\dimen149
\subsecwd=\dimen150
\subsubsecwd=\dimen151
\c@figure=\count194
\c@table=\count195
\abovecaptionskip=\skip48
\belowcaptionskip=\skip49
\c@numauthors=\count196
\section@toc@skip=\skip50
\SectionTOCWidth=\skip51
\subsection@toc@skip=\skip52
\SubSectionTOCWidth=\skip53
\subsubsection@toc@skip=\skip54
\SubSubSectionTOCWidth=\skip55
\paragraph@toc@skip=\skip56
\ParagraphTOCWidth=\skip57
\subparagraph@toc@skip=\skip58
\@AUonebox=\box57
\@AUtwobox=\box58
\@AUthreebox=\box59
\@AUfourbox=\box60
\@AUaffonebox=\box61
\@AUafftwobox=\box62
\@AUaffthreebox=\box63
\@AUafffourbox=\box64
\@finalAUboxfromone=\box65
\@finalAUboxfromtwo=\box66
\@finalAUboxfromthree=\box67
\@finalAUboxfromfour=\box68
\c@chaptocdepth=\count197
\bibindent=\dimen152
\tempbox=\box69
\nomenwidth=\dimen153
\@tablebox=\box70
\@tabletitlebox=\box71
\@tablewidth=\dimen154
\@tabletitlewidth=\dimen155
\max@tablewidth=\dimen156
\tempbox=\box72
\tempdimen=\dimen157
\tempbox=\box73
\notewidth=\dimen158
\wherebox=\box74
\wherewidth=\dimen159
\listtextleftmargin=\skip59
\listtextleftmarginii=\skip60
\listtextleftmarginiii=\skip61
\listtextrightmargin=\skip62
\listlabelleftskip=\skip63
\listlabelleftskipii=\skip64
\listlabelleftskipiii=\skip65
\abovelistskipi=\skip66
\belowlistskipi=\skip67
\abovelistskipii=\skip68
\belowlistskipii=\skip69
\abovelistskipiii=\skip70
\belowlistskipiii=\skip71
\labelsepi=\skip72
\labelsepii=\skip73
\labelsepiii=\skip74
\itemsepi=\skip75
\itemsepii=\skip76
\itemsepiii=\skip77
\enumdimwd=\dimen160
\enumdim=\dimen161
\concolwidth=\dimen162
\stempbox=\box75
) (c:/Users/teixeiec/AppData/Roaming/TinyTeX/texmf-dist/tex/latex/pdfpages/pdfpages.sty
Package: pdfpages 2024/01/21 v0.5y Insert pages of external PDF documents (AM)
(c:/Users/teixeiec/AppData/Roaming/TinyTeX/texmf-dist/tex/latex/base/ifthen.sty
Package: ifthen 2022/04/13 v1.1d Standard LaTeX ifthen package (DPC)
) (c:/Users/teixeiec/AppData/Roaming/TinyTeX/texmf-dist/tex/latex/tools/calc.sty
Package: calc 2023/07/08 v4.3 Infix arithmetic (KKT,FJ)
\calc@Acount=\count198
\calc@Bcount=\count199
\calc@Adimen=\dimen163
\calc@Bdimen=\dimen164
\calc@Askip=\skip78
\calc@Bskip=\skip79
LaTeX Info: Redefining \setlength on input line 80.
LaTeX Info: Redefining \addtolength on input line 81.
\calc@Ccount=\count266
\calc@Cskip=\skip80
) (c:/Users/teixeiec/AppData/Roaming/TinyTeX/texmf-dist/tex/latex/eso-pic/eso-pic.sty
Package: eso-pic 2023/05/03 v3.0c eso-pic (RN)
\ESO@tempdima=\dimen165
\ESO@tempdimb=\dimen166
(c:/Users/teixeiec/AppData/Roaming/TinyTeX/texmf-dist/tex/latex/graphics/keyval.sty
Package: keyval 2022/05/29 v1.15 key=value parser (DPC)
\KV@toks@=\toks17
) (c:/Users/teixeiec/AppData/Roaming/TinyTeX/texmf-dist/tex/latex/xcolor/xcolor.sty
Package: xcolor 2023/11/15 v3.01 LaTeX color extensions (UK)
(c:/Users/teixeiec/AppData/Roaming/TinyTeX/texmf-dist/tex/latex/graphics-cfg/color.cfg
File: color.cfg 2016/01/02 v1.6 sample color configuration
)
Package xcolor Info: Driver file: pdftex.def on input line 274.
(c:/Users/teixeiec/AppData/Roaming/TinyTeX/texmf-dist/tex/latex/graphics-def/pdftex.def
File: pdftex.def 2022/09/22 v1.2b Graphics/color driver for pdftex
) (c:/Users/teixeiec/AppData/Roaming/TinyTeX/texmf-dist/tex/latex/graphics/mathcolor.ltx)
Package xcolor Info: Model `cmy' substituted by `cmy0' on input line 1350.
Package xcolor Info: Model `hsb' substituted by `rgb' on input line 1354.
Package xcolor Info: Model `RGB' extended on input line 1366.
Package xcolor Info: Model `HTML' substituted by `rgb' on input line 1368.
Package xcolor Info: Model `Hsb' substituted by `hsb' on input line 1369.
Package xcolor Info: Model `tHsb' substituted by `hsb' on input line 1370.
Package xcolor Info: Model `HSB' substituted by `hsb' on input line 1371.
Package xcolor Info: Model `Gray' substituted by `gray' on input line 1372.
Package xcolor Info: Model `wave' substituted by `hsb' on input line 1373.
) (c:/Users/teixeiec/AppData/Roaming/TinyTeX/texmf-dist/tex/latex/graphics/dvipsnam.def
File: dvipsnam.def 2016/06/17 v3.0m Driver-dependent file (DPC,SPQR)
) (c:/Users/teixeiec/AppData/Roaming/TinyTeX/texmf-dist/tex/latex/xcolor/svgnam.def
File: svgnam.def 2023/11/15 v3.01 Predefined colors according to SVG 1.1 (UK)
) (c:/Users/teixeiec/AppData/Roaming/TinyTeX/texmf-dist/tex/latex/xcolor/x11nam.def
File: x11nam.def 2023/11/15 v3.01 Predefined colors according to Unix/X11 (UK)
)) (c:/Users/teixeiec/AppData/Roaming/TinyTeX/texmf-dist/tex/latex/graphics/graphicx.sty
Package: graphicx 2021/09/16 v1.2d Enhanced LaTeX Graphics (DPC,SPQR)
(c:/Users/teixeiec/AppData/Roaming/TinyTeX/texmf-dist/tex/latex/graphics/graphics.sty
Package: graphics 2022/03/10 v1.4e Standard LaTeX Graphics (DPC,SPQR)
(c:/Users/teixeiec/AppData/Roaming/TinyTeX/texmf-dist/tex/latex/graphics/trig.sty
Package: trig 2021/08/11 v1.11 sin cos tan (DPC)
) (c:/Users/teixeiec/AppData/Roaming/TinyTeX/texmf-dist/tex/latex/graphics-cfg/graphics.cfg
File: graphics.cfg 2016/06/04 v1.11 sample graphics configuration
)
Package graphics Info: Driver file: pdftex.def on input line 107.
)
\Gin@req@height=\dimen167
\Gin@req@width=\dimen168
)
\AM@pagewidth=\dimen169
\AM@pageheight=\dimen170
\AM@fboxrule=\dimen171
(c:/Users/teixeiec/AppData/Roaming/TinyTeX/texmf-dist/tex/latex/pdfpages/pppdftex.def
File: pppdftex.def 2024/01/21 v0.5y Pdfpages driver for pdfTeX (AM)
)
\pdfpages@includegraphics@status=\count267
\AM@pagebox=\box76
\AM@global@opts=\toks18
\AM@pagecnt=\count268
\AM@toc@title=\toks19
\AM@lof@heading=\toks20
\c@AM@survey=\count269
\AM@templatesizebox=\box77
) (c:/Users/teixeiec/AppData/Roaming/TinyTeX/texmf-dist/tex/latex/lm/lmodern.sty
Package: lmodern 2015/05/01 v1.6.1 Latin Modern Fonts
LaTeX Font Info:    Overwriting symbol font `operators' in version `normal'
(Font)                  OT1/cmr/m/n --> OT1/lmr/m/n on input line 22.
LaTeX Font Info:    Overwriting symbol font `letters' in version `normal'
(Font)                  OML/cmm/m/it --> OML/lmm/m/it on input line 23.
LaTeX Font Info:    Overwriting symbol font `symbols' in version `normal'
(Font)                  OMS/cmsy/m/n --> OMS/lmsy/m/n on input line 24.
LaTeX Font Info:    Overwriting symbol font `largesymbols' in version `normal'
(Font)                  OMX/cmex/m/n --> OMX/lmex/m/n on input line 25.
LaTeX Font Info:    Overwriting symbol font `operators' in version `bold'
(Font)                  OT1/cmr/bx/n --> OT1/lmr/bx/n on input line 26.
LaTeX Font Info:    Overwriting symbol font `letters' in version `bold'
(Font)                  OML/cmm/b/it --> OML/lmm/b/it on input line 27.
LaTeX Font Info:    Overwriting symbol font `symbols' in version `bold'
(Font)                  OMS/cmsy/b/n --> OMS/lmsy/b/n on input line 28.
LaTeX Font Info:    Overwriting symbol font `largesymbols' in version `bold'
(Font)                  OMX/cmex/m/n --> OMX/lmex/m/n on input line 29.
LaTeX Font Info:    Overwriting math alphabet `\mathbf' in version `normal'
(Font)                  OT1/cmr/bx/n --> OT1/lmr/bx/n on input line 31.
LaTeX Font Info:    Overwriting math alphabet `\mathsf' in version `normal'
(Font)                  OT1/cmss/m/n --> OT1/lmss/m/n on input line 32.
LaTeX Font Info:    Overwriting math alphabet `\mathit' in version `normal'
(Font)                  OT1/cmr/m/it --> OT1/lmr/m/it on input line 33.
LaTeX Font Info:    Overwriting math alphabet `\mathtt' in version `normal'
(Font)                  OT1/cmtt/m/n --> OT1/lmtt/m/n on input line 34.
LaTeX Font Info:    Overwriting math alphabet `\mathbf' in version `bold'
(Font)                  OT1/cmr/bx/n --> OT1/lmr/bx/n on input line 35.
LaTeX Font Info:    Overwriting math alphabet `\mathsf' in version `bold'
(Font)                  OT1/cmss/bx/n --> OT1/lmss/bx/n on input line 36.
LaTeX Font Info:    Overwriting math alphabet `\mathit' in version `bold'
(Font)                  OT1/cmr/bx/it --> OT1/lmr/bx/it on input line 37.
LaTeX Font Info:    Overwriting math alphabet `\mathtt' in version `bold'
(Font)                  OT1/cmtt/m/n --> OT1/lmtt/m/n on input line 38.
) (c:/Users/teixeiec/AppData/Roaming/TinyTeX/texmf-dist/tex/latex/amsfonts/amssymb.sty
Package: amssymb 2013/01/14 v3.01 AMS font symbols
(c:/Users/teixeiec/AppData/Roaming/TinyTeX/texmf-dist/tex/latex/amsfonts/amsfonts.sty
Package: amsfonts 2013/01/14 v3.01 Basic AMSFonts support
\@emptytoks=\toks21
\symAMSa=\mathgroup4
\symAMSb=\mathgroup5
LaTeX Font Info:    Redeclaring math symbol \hbar on input line 98.
LaTeX Font Info:    Overwriting math alphabet `\mathfrak' in version `bold'
(Font)                  U/euf/m/n --> U/euf/b/n on input line 106.
)) (c:/Users/teixeiec/AppData/Roaming/TinyTeX/texmf-dist/tex/latex/amsmath/amsmath.sty
Package: amsmath 2023/05/13 v2.17o AMS math features
\@mathmargin=\skip81
For additional information on amsmath, use the `?' option.
(c:/Users/teixeiec/AppData/Roaming/TinyTeX/texmf-dist/tex/latex/amsmath/amstext.sty
Package: amstext 2021/08/26 v2.01 AMS text
(c:/Users/teixeiec/AppData/Roaming/TinyTeX/texmf-dist/tex/latex/amsmath/amsgen.sty
File: amsgen.sty 1999/11/30 v2.0 generic functions
\@emptytoks=\toks22
\ex@=\dimen172
)) (c:/Users/teixeiec/AppData/Roaming/TinyTeX/texmf-dist/tex/latex/amsmath/amsbsy.sty
Package: amsbsy 1999/11/29 v1.2d Bold Symbols
\pmbraise@=\dimen173
) (c:/Users/teixeiec/AppData/Roaming/TinyTeX/texmf-dist/tex/latex/amsmath/amsopn.sty
Package: amsopn 2022/04/08 v2.04 operator names
)
\inf@bad=\count270
LaTeX Info: Redefining \frac on input line 234.
\uproot@=\count271
\leftroot@=\count272
LaTeX Info: Redefining \overline on input line 399.
LaTeX Info: Redefining \colon on input line 410.
\classnum@=\count273
\DOTSCASE@=\count274
LaTeX Info: Redefining \ldots on input line 496.
LaTeX Info: Redefining \dots on input line 499.
LaTeX Info: Redefining \cdots on input line 620.
\Mathstrutbox@=\box78
\strutbox@=\box79
LaTeX Info: Redefining \big on input line 722.
LaTeX Info: Redefining \Big on input line 723.
LaTeX Info: Redefining \bigg on input line 724.
LaTeX Info: Redefining \Bigg on input line 725.
\big@size=\dimen174
LaTeX Font Info:    Redeclaring font encoding OML on input line 743.
LaTeX Font Info:    Redeclaring font encoding OMS on input line 744.
\macc@depth=\count275
LaTeX Info: Redefining \bmod on input line 905.
LaTeX Info: Redefining \pmod on input line 910.
LaTeX Info: Redefining \smash on input line 940.
LaTeX Info: Redefining \relbar on input line 970.
LaTeX Info: Redefining \Relbar on input line 971.
\c@MaxMatrixCols=\count276
\dotsspace@=\muskip16
\c@parentequation=\count277
\dspbrk@lvl=\count278
\tag@help=\toks23
\row@=\count279
\column@=\count280
\maxfields@=\count281
\andhelp@=\toks24
\eqnshift@=\dimen175
\alignsep@=\dimen176
\tagshift@=\dimen177
\tagwidth@=\dimen178
\totwidth@=\dimen179
\lineht@=\dimen180
\@envbody=\toks25
\multlinegap=\skip82
\multlinetaggap=\skip83
\mathdisplay@stack=\toks26
LaTeX Info: Redefining \[ on input line 2953.
LaTeX Info: Redefining \] on input line 2954.
) (c:/Users/teixeiec/AppData/Roaming/TinyTeX/texmf-dist/tex/generic/iftex/ifxetex.sty
Package: ifxetex 2019/10/25 v0.7 ifxetex legacy package. Use iftex instead.
(c:/Users/teixeiec/AppData/Roaming/TinyTeX/texmf-dist/tex/generic/iftex/iftex.sty
Package: iftex 2022/02/03 v1.0f TeX engine tests
)) (c:/Users/teixeiec/AppData/Roaming/TinyTeX/texmf-dist/tex/generic/iftex/ifluatex.sty
Package: ifluatex 2019/10/25 v1.5 ifluatex legacy package. Use iftex instead.
) (c:/Users/teixeiec/AppData/Roaming/TinyTeX/texmf-dist/tex/latex/base/fontenc.sty
Package: fontenc 2021/04/29 v2.0v Standard LaTeX package
LaTeX Font Info:    Trying to load font information for T1+lmr on input line 112.
(c:/Users/teixeiec/AppData/Roaming/TinyTeX/texmf-dist/tex/latex/lm/t1lmr.fd
File: t1lmr.fd 2015/05/01 v1.6.1 Font defs for Latin Modern
)) (c:/Users/teixeiec/AppData/Roaming/TinyTeX/texmf-dist/tex/latex/base/inputenc.sty
Package: inputenc 2021/02/14 v1.3d Input encoding file
\inpenc@prehook=\toks27
\inpenc@posthook=\toks28
) (c:/Users/teixeiec/AppData/Roaming/TinyTeX/texmf-dist/tex/latex/base/textcomp.sty
Package: textcomp 2020/02/02 v2.0n Standard LaTeX package
) (c:/Users/teixeiec/AppData/Roaming/TinyTeX/texmf-dist/tex/latex/hyperref/hyperref.sty
Package: hyperref 2024-01-20 v7.01h Hypertext links for LaTeX
(c:/Users/teixeiec/AppData/Roaming/TinyTeX/texmf-dist/tex/latex/kvsetkeys/kvsetkeys.sty
Package: kvsetkeys 2022-10-05 v1.19 Key value parser (HO)
) (c:/Users/teixeiec/AppData/Roaming/TinyTeX/texmf-dist/tex/generic/kvdefinekeys/kvdefinekeys.sty
Package: kvdefinekeys 2019-12-19 v1.6 Define keys (HO)
) (c:/Users/teixeiec/AppData/Roaming/TinyTeX/texmf-dist/tex/generic/pdfescape/pdfescape.sty
Package: pdfescape 2019/12/09 v1.15 Implements pdfTeX's escape features (HO)
(c:/Users/teixeiec/AppData/Roaming/TinyTeX/texmf-dist/tex/generic/ltxcmds/ltxcmds.sty
Package: ltxcmds 2023-12-04 v1.26 LaTeX kernel commands for general use (HO)
) (c:/Users/teixeiec/AppData/Roaming/TinyTeX/texmf-dist/tex/generic/pdftexcmds/pdftexcmds.sty
Package: pdftexcmds 2020-06-27 v0.33 Utility functions of pdfTeX for LuaTeX (HO)
(c:/Users/teixeiec/AppData/Roaming/TinyTeX/texmf-dist/tex/generic/infwarerr/infwarerr.sty
Package: infwarerr 2019/12/03 v1.5 Providing info/warning/error messages (HO)
)
Package pdftexcmds Info: \pdf@primitive is available.
Package pdftexcmds Info: \pdf@ifprimitive is available.
Package pdftexcmds Info: \pdfdraftmode found.
)) (c:/Users/teixeiec/AppData/Roaming/TinyTeX/texmf-dist/tex/latex/hycolor/hycolor.sty
Package: hycolor 2020-01-27 v1.10 Color options for hyperref/bookmark (HO)
) (c:/Users/teixeiec/AppData/Roaming/TinyTeX/texmf-dist/tex/latex/auxhook/auxhook.sty
Package: auxhook 2019-12-17 v1.6 Hooks for auxiliary files (HO)
) (c:/Users/teixeiec/AppData/Roaming/TinyTeX/texmf-dist/tex/latex/hyperref/nameref.sty
Package: nameref 2023-11-26 v2.56 Cross-referencing by name of section
(c:/Users/teixeiec/AppData/Roaming/TinyTeX/texmf-dist/tex/latex/refcount/refcount.sty
Package: refcount 2019/12/15 v3.6 Data extraction from label references (HO)
) (c:/Users/teixeiec/AppData/Roaming/TinyTeX/texmf-dist/tex/generic/gettitlestring/gettitlestring.sty
Package: gettitlestring 2019/12/15 v1.6 Cleanup title references (HO)
(c:/Users/teixeiec/AppData/Roaming/TinyTeX/texmf-dist/tex/latex/kvoptions/kvoptions.sty
Package: kvoptions 2022-06-15 v3.15 Key value format for package options (HO)
))
\c@section@level=\count282
) (c:/Users/teixeiec/AppData/Roaming/TinyTeX/texmf-dist/tex/latex/etoolbox/etoolbox.sty
Package: etoolbox 2020/10/05 v2.5k e-TeX tools for LaTeX (JAW)
\etb@tempcnta=\count283
)
\@linkdim=\dimen181
\Hy@linkcounter=\count284
\Hy@pagecounter=\count285
(c:/Users/teixeiec/AppData/Roaming/TinyTeX/texmf-dist/tex/latex/hyperref/pd1enc.def
File: pd1enc.def 2024-01-20 v7.01h Hyperref: PDFDocEncoding definition (HO)
Now handling font encoding PD1 ...
... no UTF-8 mapping file for font encoding PD1
) (c:/Users/teixeiec/AppData/Roaming/TinyTeX/texmf-dist/tex/generic/intcalc/intcalc.sty
Package: intcalc 2019/12/15 v1.3 Expandable calculations with integers (HO)
)
\Hy@SavedSpaceFactor=\count286
(c:/Users/teixeiec/AppData/Roaming/TinyTeX/texmf-dist/tex/latex/hyperref/puenc.def
File: puenc.def 2024-01-20 v7.01h Hyperref: PDF Unicode definition (HO)
Now handling font encoding PU ...
... no UTF-8 mapping file for font encoding PU
)
Package hyperref Info: Option `unicode' set `true' on input line 4062.
Package hyperref Info: Hyper figures OFF on input line 4179.
Package hyperref Info: Link nesting OFF on input line 4184.
Package hyperref Info: Hyper index ON on input line 4187.
Package hyperref Info: Plain pages OFF on input line 4194.
Package hyperref Info: Backreferencing OFF on input line 4199.
Package hyperref Info: Implicit mode ON; LaTeX internals redefined.
Package hyperref Info: Bookmarks ON on input line 4446.
\c@Hy@tempcnt=\count287
(c:/Users/teixeiec/AppData/Roaming/TinyTeX/texmf-dist/tex/latex/url/url.sty
\Urlmuskip=\muskip17
Package: url 2013/09/16  ver 3.4  Verb mode for urls, etc.
)
LaTeX Info: Redefining \url on input line 4784.
\XeTeXLinkMargin=\dimen182
(c:/Users/teixeiec/AppData/Roaming/TinyTeX/texmf-dist/tex/generic/bitset/bitset.sty
Package: bitset 2019/12/09 v1.3 Handle bit-vector datatype (HO)
(c:/Users/teixeiec/AppData/Roaming/TinyTeX/texmf-dist/tex/generic/bigintcalc/bigintcalc.sty
Package: bigintcalc 2019/12/15 v1.5 Expandable calculations on big integers (HO)
))
\Fld@menulength=\count288
\Field@Width=\dimen183
\Fld@charsize=\dimen184
Package hyperref Info: Hyper figures OFF on input line 6063.
Package hyperref Info: Link nesting OFF on input line 6068.
Package hyperref Info: Hyper index ON on input line 6071.
Package hyperref Info: backreferencing OFF on input line 6078.
Package hyperref Info: Link coloring OFF on input line 6083.
Package hyperref Info: Link coloring with OCG OFF on input line 6088.
Package hyperref Info: PDF/A mode OFF on input line 6093.
(c:/Users/teixeiec/AppData/Roaming/TinyTeX/texmf-dist/tex/latex/base/atbegshi-ltx.sty
Package: atbegshi-ltx 2021/01/10 v1.0c Emulation of the original atbegshi
package with kernel methods
)
\Hy@abspage=\count289
\c@Item=\count290
\c@Hfootnote=\count291
)
Package hyperref Info: Driver (autodetected): hpdftex.
(c:/Users/teixeiec/AppData/Roaming/TinyTeX/texmf-dist/tex/latex/hyperref/hpdftex.def
File: hpdftex.def 2024-01-20 v7.01h Hyperref driver for pdfTeX
(c:/Users/teixeiec/AppData/Roaming/TinyTeX/texmf-dist/tex/latex/base/atveryend-ltx.sty
Package: atveryend-ltx 2020/08/19 v1.0a Emulation of the original atveryend package
with kernel methods
)
\Fld@listcount=\count292
\c@bookmark@seq@number=\count293
(c:/Users/teixeiec/AppData/Roaming/TinyTeX/texmf-dist/tex/latex/rerunfilecheck/rerunfilecheck.sty
Package: rerunfilecheck 2022-07-10 v1.10 Rerun checks for auxiliary files (HO)
(c:/Users/teixeiec/AppData/Roaming/TinyTeX/texmf-dist/tex/generic/uniquecounter/uniquecounter.sty
Package: uniquecounter 2019/12/15 v1.4 Provide unlimited unique counter (HO)
)
Package uniquecounter Info: New unique counter `rerunfilecheck' on input line 285.
)
\Hy@SectionHShift=\skip84
)
Package hyperref Info: Option `colorlinks' set `true' on input line 49.
(c:/Users/teixeiec/AppData/Roaming/TinyTeX/texmf-dist/tex/latex/tools/longtable.sty
Package: longtable 2023-11-01 v4.19 Multi-page Table package (DPC)
\LTleft=\skip85
\LTright=\skip86
\LTpre=\skip87
\LTpost=\skip88
\LTchunksize=\count294
\LTcapwidth=\dimen185
\LT@head=\box80
\LT@firsthead=\box81
\LT@foot=\box82
\LT@lastfoot=\box83
\LT@gbox=\box84
\LT@cols=\count295
\LT@rows=\count296
\c@LT@tables=\count297
\c@LT@chunks=\count298
\LT@p@ftn=\toks29
) (c:/Users/teixeiec/AppData/Roaming/TinyTeX/texmf-dist/tex/latex/booktabs/booktabs.sty
Package: booktabs 2020/01/12 v1.61803398 Publication quality tables
\heavyrulewidth=\dimen186
\lightrulewidth=\dimen187
\cmidrulewidth=\dimen188
\belowrulesep=\dimen189
\belowbottomsep=\dimen190
\aboverulesep=\dimen191
\abovetopsep=\dimen192
\cmidrulesep=\dimen193
\cmidrulekern=\dimen194
\defaultaddspace=\dimen195
\@cmidla=\count299
\@cmidlb=\count300
\@aboverulesep=\dimen196
\@belowrulesep=\dimen197
\@thisruleclass=\count301
\@lastruleclass=\count302
\@thisrulewidth=\dimen198
) (c:/Users/teixeiec/AppData/Roaming/TinyTeX/texmf-dist/tex/latex/mdwtools/footnote.sty
Package: footnote 1997/01/28 1.13 Save footnotes around boxes
\fn@notes=\box85
\fn@width=\dimen199
) (c:/Users/teixeiec/AppData/Roaming/TinyTeX/texmf-dist/tex/latex/tools/array.sty
Package: array 2023/10/16 v2.5g Tabular extension package (FMi)
\col@sep=\dimen256
\ar@mcellbox=\box86
\extrarowheight=\dimen257
\NC@list=\toks30
\extratabsurround=\skip89
\backup@length=\skip90
\ar@cellbox=\box87
) (c:/Users/teixeiec/AppData/Roaming/TinyTeX/texmf-dist/tex/latex/multirow/multirow.sty
Package: multirow 2021/03/15 v2.8 Span multiple rows of a table
\multirow@colwidth=\skip91
\multirow@cntb=\count303
\multirow@dima=\skip92
\bigstrutjot=\dimen258
) (c:/Users/teixeiec/AppData/Roaming/TinyTeX/texmf-dist/tex/latex/wrapfig/wrapfig.sty
\wrapoverhang=\dimen259
\WF@size=\dimen260
\c@WF@wrappedlines=\count304
\WF@box=\box88
\WF@everypar=\toks31
Package: wrapfig 2003/01/31  v 3.6
) (c:/Users/teixeiec/AppData/Roaming/TinyTeX/texmf-dist/tex/latex/float/float.sty
Package: float 2001/11/08 v1.3d Float enhancements (AL)
\c@float@type=\count305
\float@exts=\toks32
\float@box=\box89
\@float@everytoks=\toks33
\@floatcapt=\box90
) (c:/Users/teixeiec/AppData/Roaming/TinyTeX/texmf-dist/tex/latex/colortbl/colortbl.sty
Package: colortbl 2022/06/20 v1.0f Color table columns (DPC)
\everycr=\toks34
\minrowclearance=\skip93
\rownum=\count306
) (c:/Users/teixeiec/AppData/Roaming/TinyTeX/texmf-dist/tex/latex/pdflscape/pdflscape.sty
Package: pdflscape 2022-10-27 v0.13 Display of landscape pages in PDF
(c:/Users/teixeiec/AppData/Roaming/TinyTeX/texmf-dist/tex/latex/pdflscape/pdflscape-nometadata.sty
Package: pdflscape-nometadata 2022-10-28 v0.13 Display of landscape pages in PDF (HO)
(c:/Users/teixeiec/AppData/Roaming/TinyTeX/texmf-dist/tex/latex/graphics/lscape.sty
Package: lscape 2020/05/28 v3.02 Landscape Pages (DPC)
)
Package pdflscape Info: Auto-detected driver: pdftex on input line 81.
)) (c:/Users/teixeiec/AppData/Roaming/TinyTeX/texmf-dist/tex/latex/tabu/tabu.sty
Package: tabu 2019/01/11 v2.9 - flexible LaTeX tabulars (FC+tabu-fixed)
(c:/Users/teixeiec/AppData/Roaming/TinyTeX/texmf-dist/tex/latex/varwidth/varwidth.sty
Package: varwidth 2009/03/30 ver 0.92;  Variable-width minipages
\@vwid@box=\box91
\sift@deathcycles=\count307
\@vwid@loff=\dimen261
\@vwid@roff=\dimen262
)
\c@taburow=\count308
\tabu@nbcols=\count309
\tabu@cnt=\count310
\tabu@Xcol=\count311
\tabu@alloc=\count312
\tabu@nested=\count313
\tabu@target=\dimen263
\tabu@spreadtarget=\dimen264
\tabu@naturalX=\dimen265
\tabucolX=\dimen266
\tabu@Xsum=\dimen267
\extrarowdepth=\dimen268
\abovetabulinesep=\dimen269
\belowtabulinesep=\dimen270
\tabustrutrule=\dimen271
\tabu@thebody=\toks35
\tabu@footnotes=\toks36
\tabu@box=\box92
\tabu@arstrutbox=\box93
\tabu@hleads=\box94
\tabu@vleads=\box95
\tabu@cellskip=\skip94
) (c:/Users/teixeiec/AppData/Roaming/TinyTeX/texmf-dist/tex/latex/threeparttable/threeparttable.sty
Package: threeparttable 2003/06/13  v 3.0
\@tempboxb=\box96
) (c:/Users/teixeiec/AppData/Roaming/TinyTeX/texmf-dist/tex/latex/threeparttablex/threeparttablex.sty
Package: threeparttablex 2013/07/23 v0.3 by daleif
(c:/Users/teixeiec/AppData/Roaming/TinyTeX/texmf-dist/tex/latex/environ/environ.sty
Package: environ 2014/05/04 v0.3 A new way to define environments
(c:/Users/teixeiec/AppData/Roaming/TinyTeX/texmf-dist/tex/latex/trimspaces/trimspaces.sty
Package: trimspaces 2009/09/17 v1.1 Trim spaces around a token list
))
\TPTL@width=\skip95
) (c:/Users/teixeiec/AppData/Roaming/TinyTeX/texmf-dist/tex/generic/ulem/ulem.sty
\UL@box=\box97
\UL@hyphenbox=\box98
\UL@skip=\skip96
\UL@hook=\toks37
\UL@height=\dimen272
\UL@pe=\count314
\UL@pixel=\dimen273
\ULC@box=\box99
Package: ulem 2019/11/18
\ULdepth=\dimen274
) (c:/Users/teixeiec/AppData/Roaming/TinyTeX/texmf-dist/tex/latex/makecell/makecell.sty
Package: makecell 2009/08/03 V0.1e Managing of Tab Column Heads and Cells
\rotheadsize=\dimen275
\c@nlinenum=\count315
\TeXr@lab=\toks38
) (c:/Users/teixeiec/AppData/Roaming/TinyTeX/texmf-dist/tex/latex/l3backend/l3backend-pdftex.def
File: l3backend-pdftex.def 2024-01-04 L3 backend support: PDF output (pdfTeX)
\l__color_backend_stack_int=\count316
\l__pdf_internal_box=\box100
) (./anomaly-report.aux)
\openout1 = `anomaly-report.aux'.

LaTeX Font Info:    Checking defaults for OML/cmm/m/it on input line 106.
LaTeX Font Info:    ... okay on input line 106.
LaTeX Font Info:    Checking defaults for OMS/cmsy/m/n on input line 106.
LaTeX Font Info:    ... okay on input line 106.
LaTeX Font Info:    Checking defaults for OT1/cmr/m/n on input line 106.
LaTeX Font Info:    ... okay on input line 106.
LaTeX Font Info:    Checking defaults for T1/cmr/m/n on input line 106.
LaTeX Font Info:    ... okay on input line 106.
LaTeX Font Info:    Checking defaults for TS1/cmr/m/n on input line 106.
LaTeX Font Info:    ... okay on input line 106.
LaTeX Font Info:    Checking defaults for OMX/cmex/m/n on input line 106.
LaTeX Font Info:    ... okay on input line 106.
LaTeX Font Info:    Checking defaults for U/cmr/m/n on input line 106.
LaTeX Font Info:    ... okay on input line 106.
LaTeX Font Info:    Checking defaults for PD1/pdf/m/n on input line 106.
LaTeX Font Info:    ... okay on input line 106.
LaTeX Font Info:    Checking defaults for PU/pdf/m/n on input line 106.
LaTeX Font Info:    ... okay on input line 106.
LaTeX Font Info:    Trying to load font information for TS1+lmr on input line 106.
(c:/Users/teixeiec/AppData/Roaming/TinyTeX/texmf-dist/tex/latex/lm/ts1lmr.fd
File: ts1lmr.fd 2015/05/01 v1.6.1 Font defs for Latin Modern
) (c:/Users/teixeiec/AppData/Roaming/TinyTeX/texmf-dist/tex/latex/epstopdf-pkg/epstopdf-base.sty
Package: epstopdf-base 2020-01-24 v2.11 Base part for package epstopdf
Package epstopdf-base Info: Redefining graphics rule for `.eps' on input line 485.
(c:/Users/teixeiec/AppData/Roaming/TinyTeX/texmf-dist/tex/latex/latexconfig/epstopdf-sys.cfg
File: epstopdf-sys.cfg 2010/07/13 v1.3 Configuration of (r)epstopdf for TeX Live
))
Package hyperref Info: Link coloring ON on input line 106.
(./anomaly-report.out) (./anomaly-report.out)
\@outlinefile=\write3
\openout3 = `anomaly-report.out'.


Underfull \vbox (badness 10000) detected at line 107
 []


Overfull \hbox (336.25pt too wide) detected at line 107
[]
 []


Underfull \vbox (badness 10000) detected at line 107
 []


Overfull \hbox (336.25pt too wide) detected at line 107
[]
 []


Underfull \vbox (badness 10000) detected at line 107
 []


Overfull \hbox (336.25pt too wide) detected at line 107
[]
 []


Underfull \vbox (badness 10000) detected at line 107
 []


Overfull \hbox (336.25pt too wide) detected at line 107
[]
 []

<images/cover5.pdf, id=132, 1061.46562pt x 1693.82813pt>
File: images/cover5.pdf Graphic file (type pdf)
<use images/cover5.pdf>
Package pdftex.def Info: images/cover5.pdf  used on input line 108.
(pdftex.def)             Requested size: 336.50139pt x 536.97032pt.
File: images/cover5.pdf Graphic file (type pdf)
<use images/cover5.pdf>
Package pdftex.def Info: images/cover5.pdf  used on input line 108.
(pdftex.def)             Requested size: 336.50139pt x 536.97032pt.
<images/cover5.pdf, id=135, page=1, 1061.46562pt x 1693.82813pt>
File: images/cover5.pdf Graphic file (type pdf)
<use images/cover5.pdf, page 1>
Package pdftex.def Info: images/cover5.pdf , page1 used on input line 108.
(pdftex.def)             Requested size: 1061.46303pt x 1693.824pt.
File: images/cover5.pdf Graphic file (type pdf)
<use images/cover5.pdf, page 1>
Package pdftex.def Info: images/cover5.pdf , page1 used on input line 108.
(pdftex.def)             Requested size: 498.4192pt x 795.34982pt.
File: images/cover5.pdf Graphic file (type pdf)
<use images/cover5.pdf, page 1>
Package pdftex.def Info: images/cover5.pdf , page1 used on input line 108.
(pdftex.def)             Requested size: 498.4192pt x 795.34982pt.
File: images/cover5.pdf Graphic file (type pdf)
<use images/cover5.pdf, page 1>
Package pdftex.def Info: images/cover5.pdf , page1 used on input line 108.
(pdftex.def)             Requested size: 498.4192pt x 795.34982pt.

Underfull \vbox (badness 10000) has occurred while \output is active []


Overfull \hbox (336.25pt too wide) has occurred while \output is active
[]
 []


Underfull \vbox (badness 10000) has occurred while \output is active []


Overfull \hbox (336.25pt too wide) has occurred while \output is active
[]
 []


Underfull \vbox (badness 10000) has occurred while \output is active []


Overfull \hbox (336.25pt too wide) has occurred while \output is active
[]
 []


Underfull \vbox (badness 10000) has occurred while \output is active []


Overfull \hbox (336.25pt too wide) has occurred while \output is active
[]
 []


Underfull \hbox (badness 10000) has occurred while \output is active
 [][][][] 
 []

File: images/cover5.pdf Graphic file (type pdf)
<use images/cover5.pdf, page 1>
Package pdftex.def Info: images/cover5.pdf , page1 used on input line 108.
(pdftex.def)             Requested size: 498.4192pt x 795.34982pt.
[1



 <./images/cover5.pdf>]
Underfull \vbox (badness 10000) has occurred while \output is active []


Overfull \hbox (336.25pt too wide) has occurred while \output is active
[]
 []


Underfull \vbox (badness 10000) has occurred while \output is active []


Overfull \hbox (336.25pt too wide) has occurred while \output is active
[]
 []


Underfull \vbox (badness 10000) has occurred while \output is active []


Overfull \hbox (336.25pt too wide) has occurred while \output is active
[]
 []


Underfull \vbox (badness 10000) has occurred while \output is active []


Overfull \hbox (336.25pt too wide) has occurred while \output is active
[]
 []


Underfull \hbox (badness 10000) has occurred while \output is active
 [][][][] 
 []


pdfTeX warning (ext4): destination with the same identifier (name{page.i}) has been already used, duplicate ignored
<to be read again> 
                   \relax 
l.111 \thispagestyle
                    {empty} [1

{c:/Users/teixeiec/AppData/Roaming/TinyTeX/texmf-var/fonts/map/pdftex/updmap/pdftex.map}{c:/Users/teixeiec/AppData/Roaming/TinyTeX/texmf-dist/fonts/enc/dvips/lm/lm-ec.enc}]
Underfull \vbox (badness 10000) has occurred while \output is active []


Overfull \hbox (336.25pt too wide) has occurred while \output is active
[]
 []


Underfull \vbox (badness 10000) has occurred while \output is active []


Overfull \hbox (336.25pt too wide) has occurred while \output is active
[]
 []


Underfull \vbox (badness 10000) has occurred while \output is active []


Overfull \hbox (336.25pt too wide) has occurred while \output is active
[]
 []


Underfull \vbox (badness 10000) has occurred while \output is active []


Overfull \hbox (336.25pt too wide) has occurred while \output is active
[]
 []


Underfull \hbox (badness 10000) has occurred while \output is active
 [][][][] 
 []

[2

]
Underfull \vbox (badness 10000) detected at line 118
 []


Overfull \hbox (336.25pt too wide) detected at line 118
[]
 []


Underfull \vbox (badness 10000) detected at line 118
 []


Overfull \hbox (336.25pt too wide) detected at line 118
[]
 []


Underfull \vbox (badness 10000) detected at line 118
 []


Overfull \hbox (336.25pt too wide) detected at line 118
[]
 []


Underfull \vbox (badness 10000) detected at line 118
 []


Overfull \hbox (336.25pt too wide) detected at line 118
[]
 []


Underfull \hbox (badness 10000) detected at line 118
[]
 []

(./anomaly-report.toc
LaTeX Font Info:    Trying to load font information for OT1+lmr on input line 5.
(c:/Users/teixeiec/AppData/Roaming/TinyTeX/texmf-dist/tex/latex/lm/ot1lmr.fd
File: ot1lmr.fd 2015/05/01 v1.6.1 Font defs for Latin Modern
)
LaTeX Font Info:    Trying to load font information for OML+lmm on input line 5.
(c:/Users/teixeiec/AppData/Roaming/TinyTeX/texmf-dist/tex/latex/lm/omllmm.fd
File: omllmm.fd 2015/05/01 v1.6.1 Font defs for Latin Modern
)
LaTeX Font Info:    Trying to load font information for OMS+lmsy on input line 5.
(c:/Users/teixeiec/AppData/Roaming/TinyTeX/texmf-dist/tex/latex/lm/omslmsy.fd
File: omslmsy.fd 2015/05/01 v1.6.1 Font defs for Latin Modern
)
LaTeX Font Info:    Trying to load font information for OMX+lmex on input line 5.
(c:/Users/teixeiec/AppData/Roaming/TinyTeX/texmf-dist/tex/latex/lm/omxlmex.fd
File: omxlmex.fd 2015/05/01 v1.6.1 Font defs for Latin Modern
)
LaTeX Font Info:    External font `lmex10' loaded for size
(Font)              <10> on input line 5.
LaTeX Font Info:    External font `lmex10' loaded for size
(Font)              <7> on input line 5.
LaTeX Font Info:    External font `lmex10' loaded for size
(Font)              <5> on input line 5.
LaTeX Font Info:    Trying to load font information for U+msa on input line 5.
(c:/Users/teixeiec/AppData/Roaming/TinyTeX/texmf-dist/tex/latex/amsfonts/umsa.fd
File: umsa.fd 2013/01/14 v3.01 AMS symbols A
)
LaTeX Font Info:    Trying to load font information for U+msb on input line 5.
(c:/Users/teixeiec/AppData/Roaming/TinyTeX/texmf-dist/tex/latex/amsfonts/umsb.fd
File: umsb.fd 2013/01/14 v3.01 AMS symbols B
)
Underfull \hbox (badness 10000) has occurred while \output is active
 [][][][] 
 []

[3])
\tf@toc=\write4
\openout4 = `anomaly-report.toc'.

[4]
Underfull \vbox (badness 10000) detected at line 124
 []


Overfull \hbox (336.25pt too wide) detected at line 124
[]
 []


Underfull \vbox (badness 10000) detected at line 124
 []


Overfull \hbox (336.25pt too wide) detected at line 124
[]
 []


Underfull \vbox (badness 10000) detected at line 124
 []


Overfull \hbox (336.25pt too wide) detected at line 124
[]
 []


Underfull \vbox (badness 10000) detected at line 124
 []


Overfull \hbox (336.25pt too wide) detected at line 124
[]
 []


Underfull \hbox (badness 10000) detected at line 124
[]
 []


Package hyperref Warning: bookmark level for unknown fm defaults to 0.

LaTeX Font Info:    External font `lmex10' loaded for size
(Font)              <8> on input line 130.
LaTeX Font Info:    External font `lmex10' loaded for size
(Font)              <6> on input line 130.

Underfull \hbox (badness 1975) in paragraph at lines 130--131
[]\T1/lmr/m/n/10 To sup-port the de-vel-op-ment and main-te-nance of high qual-ity
 []


Underfull \hbox (badness 10000) has occurred while \output is active
 [][][][] 
 []

[5


{c:/Users/teixeiec/AppData/Roaming/TinyTeX/texmf-dist/fonts/enc/dvips/lm/lm-rm.enc}{c:/Users/teixeiec/AppData/Roaming/TinyTeX/texmf-dist/fonts/enc/dvips/lm/lm-mathsy.enc}] [6]
Underfull \vbox (badness 10000) detected at line 140
 []


Overfull \hbox (336.25pt too wide) detected at line 140
[]
 []


Underfull \vbox (badness 10000) detected at line 140
 []


Overfull \hbox (336.25pt too wide) detected at line 140
[]
 []


Underfull \vbox (badness 10000) detected at line 140
 []


Overfull \hbox (336.25pt too wide) detected at line 140
[]
 []


Underfull \vbox (badness 10000) detected at line 140
 []


Overfull \hbox (336.25pt too wide) detected at line 140
[]
 []


Underfull \hbox (badness 10000) detected at line 140
[]
 []


Underfull \hbox (badness 10000) detected at line 146
 [][]
 []


Underfull \hbox (badness 10000) detected at line 146
[][][]
 []


Underfull \hbox (badness 10000) detected at line 148
 [][]
 []


Underfull \hbox (badness 10000) detected at line 148
[][][]
 []


Underfull \hbox (badness 10000) detected at line 150
 [][]
 []


Underfull \hbox (badness 10000) detected at line 150
[][][]
 []


Underfull \hbox (badness 10000) detected at line 152
 [][]
 []


Underfull \hbox (badness 10000) detected at line 152
[][][]
 []


Underfull \hbox (badness 10000) detected at line 154
 [][]
 []


Underfull \hbox (badness 10000) detected at line 154
[][][]
 []


Underfull \hbox (badness 10000) has occurred while \output is active
 [][][][] 
 []

[7


Non-PDF special ignored!
<special> color cmyk 0 0 0 1.0
Non-PDF special ignored!
<special> color cmyk 0 0 0 1.0
{c:/Users/teixeiec/AppData/Roaming/TinyTeX/texmf-dist/fonts/enc/dvips/lm/lm-mathit.enc}
Non-PDF special ignored!
<special> color cmyk 0 0 0 1.0
Non-PDF special ignored!
<special> color cmyk 0 0 0 1.0
Non-PDF special ignored!
<special> color cmyk 0 0 0 1.0
{c:/Users/teixeiec/AppData/Roaming/TinyTeX/texmf-dist/fonts/enc/dvips/lm/lm-ts1.enc}]
Underfull \vbox (badness 10000) has occurred while \output is active []


Overfull \hbox (336.25pt too wide) has occurred while \output is active
[]
 []


Underfull \vbox (badness 10000) has occurred while \output is active []


Overfull \hbox (336.25pt too wide) has occurred while \output is active
[]
 []


Underfull \vbox (badness 10000) has occurred while \output is active []


Overfull \hbox (336.25pt too wide) has occurred while \output is active
[]
 []


Underfull \vbox (badness 10000) has occurred while \output is active []


Overfull \hbox (336.25pt too wide) has occurred while \output is active
[]
 []


Underfull \hbox (badness 10000) has occurred while \output is active
 [][][][] 
 []

[8

]
Underfull \vbox (badness 10000) detected at line 172
 []


Overfull \hbox (336.25pt too wide) detected at line 172
[]
 []


Underfull \vbox (badness 10000) detected at line 172
 []


Overfull \hbox (336.25pt too wide) detected at line 172
[]
 []


Underfull \vbox (badness 10000) detected at line 172
 []


Overfull \hbox (336.25pt too wide) detected at line 172
[]
 []


Underfull \vbox (badness 10000) detected at line 172
 []


Overfull \hbox (336.25pt too wide) detected at line 172
[]
 []


Underfull \hbox (badness 10000) detected at line 172
[]
 []


Underfull \hbox (badness 10000) has occurred while \output is active
 [][][][] 
 []

[9

]
Underfull \vbox (badness 10000) has occurred while \output is active []


Overfull \hbox (336.25pt too wide) has occurred while \output is active
[]
 []


Underfull \vbox (badness 10000) has occurred while \output is active []


Overfull \hbox (336.25pt too wide) has occurred while \output is active
[]
 []


Underfull \vbox (badness 10000) has occurred while \output is active []


Overfull \hbox (336.25pt too wide) has occurred while \output is active
[]
 []


Underfull \vbox (badness 10000) has occurred while \output is active []


Overfull \hbox (336.25pt too wide) has occurred while \output is active
[]
 []


Underfull \hbox (badness 10000) has occurred while \output is active
 [][][][] 
 []

[10

]
Underfull \vbox (badness 10000) detected at line 189
 []


Overfull \hbox (336.25pt too wide) detected at line 189
[]
 []


Underfull \vbox (badness 10000) detected at line 189
 []


Overfull \hbox (336.25pt too wide) detected at line 189
[]
 []


Underfull \vbox (badness 10000) detected at line 189
 []


Overfull \hbox (336.25pt too wide) detected at line 189
[]
 []


Underfull \vbox (badness 10000) detected at line 189
 []


Overfull \hbox (336.25pt too wide) detected at line 189
[]
 []

Chapter 1.

Underfull \hbox (badness 10000) has occurred while \output is active
 [][][][] 
 []

[1


] [2] [3]
Overfull \hbox (51.14238pt too wide) detected at line 282
[] \OT1/lmr/m/n/10 = 1\OML/lmm/m/it/10 ; \OT1/lmr/m/n/10 000 \OMS/lmsy/m/n/10 ^^B []
 []

[4]

LaTeX Font Warning: Command \small invalid in math mode on input line 317.


Underfull \hbox (badness 10000) detected at line 347
 [][]
 []


Underfull \hbox (badness 10000) detected at line 347
[][][]
 []


LaTeX Font Warning: Command \small invalid in math mode on input line 351.

LaTeX Font Info:    External font `lmex10' loaded for size
(Font)              <9> on input line 352.

Underfull \hbox (badness 10000) detected at line 361
 [][]
 []


Underfull \hbox (badness 10000) detected at line 361
[][][]
 []

[5
pdfTeX warning (ext4): destination with the same identifier (name{table.1.1}) has been already used, duplicate ignored
<argument> ...shipout:D \box_use:N \l_shipout_box 
                                                  \__shipout_drop_firstpage_...
l.362 \end{enumerate}
                     {c:/Users/teixeiec/AppData/Roaming/TinyTeX/texmf-dist/fonts/enc/dvips/lm/lm-mathex.enc}
Non-PDF special ignored!
<special> color cmyk 0 0 0 1.0
]

LaTeX Font Warning: Command \scriptsize invalid in math mode on input line 366.


Overfull \hbox (28.41449pt too wide) detected at line 371
[][]
 []


LaTeX Font Warning: Command \small invalid in math mode on input line 378.


Underfull \hbox (badness 1622) in paragraph at lines 389--391
[]\T1/lmr/bx/it/10 For a preva-lence based on a large num-ber of cases - \T1/lmr/m/n/10 For
 []


Underfull \hbox (badness 1721) in paragraph at lines 389--391
\T1/lmr/m/n/10 a large num-ber of cases (ar-bi-trar-ily de-fined here as $\OMS/lmsy/m/n/10 ^^U \OT1/lmr/m/n/10 30$ \T1/lmr/m/n/10 cases),
 []


Underfull \hbox (badness 1337) in paragraph at lines 389--391
\T1/lmr/m/n/10 use the Nor-mal dis-tri-bu-tion be-cause as the num-ber of cases grows
 []


Underfull \hbox (badness 3333) in paragraph at lines 389--391
\T1/lmr/m/n/10 larger, the Pois-son dis-tri-bu-tion ap-prox-i-mates the Nor-mal dis-tri-bu-
 []


Underfull \hbox (badness 2189) in paragraph at lines 389--391
\T1/lmr/m/n/10 tion. Let $\OML/lmm/m/it/10 c \OT1/lmr/m/n/10 = []$ \T1/lmr/m/n/10 and $\OML/lmm/m/it/10 b \OT1/lmr/m/n/10 =
 []


Underfull \hbox (badness 10000) detected at line 396
 [][]
 []


Underfull \hbox (badness 10000) detected at line 396
[][][]
 []


LaTeX Font Warning: Command \small invalid in math mode on input line 402.


Underfull \hbox (badness 10000) detected at line 415
 [][]
 []


Underfull \hbox (badness 10000) detected at line 415
[][][]
 []


Underfull \hbox (badness 10000) detected at line 417
 [][]
 []


Underfull \hbox (badness 10000) detected at line 417
[][][]
 []

[6
Non-PDF special ignored!
<special> color cmyk 0 0 0 1.0
Non-PDF special ignored!
<special> color cmyk 0 0 0 1.0
Non-PDF special ignored!
<special> color cmyk 0 0 0 1.0
Non-PDF special ignored!
<special> color cmyk 0 0 0 1.0
] [7] [8]
Underfull \vbox (badness 10000) detected at line 470
 []


Overfull \hbox (336.25pt too wide) detected at line 470
[]
 []


Underfull \vbox (badness 10000) detected at line 470
 []


Overfull \hbox (336.25pt too wide) detected at line 470
[]
 []


Underfull \vbox (badness 10000) detected at line 470
 []


Overfull \hbox (336.25pt too wide) detected at line 470
[]
 []


Underfull \vbox (badness 10000) detected at line 470
 []


Overfull \hbox (336.25pt too wide) detected at line 470
[]
 []

Chapter 2.

Underfull \hbox (badness 10000) has occurred while \output is active
 [][][][] 
 []

[9


] [10] [11] [12] [13] [14] [15]
Underfull \vbox (badness 10000) has occurred while \output is active []


Overfull \hbox (336.25pt too wide) has occurred while \output is active
[]
 []


Underfull \vbox (badness 10000) has occurred while \output is active []


Overfull \hbox (336.25pt too wide) has occurred while \output is active
[]
 []


Underfull \vbox (badness 10000) has occurred while \output is active []


Overfull \hbox (336.25pt too wide) has occurred while \output is active
[]
 []


Underfull \vbox (badness 10000) has occurred while \output is active []


Overfull \hbox (336.25pt too wide) has occurred while \output is active
[]
 []


Underfull \hbox (badness 10000) has occurred while \output is active
 [][][][] 
 []

[16

]
Underfull \vbox (badness 10000) detected at line 827
 []


Overfull \hbox (336.25pt too wide) detected at line 827
[]
 []


Underfull \vbox (badness 10000) detected at line 827
 []


Overfull \hbox (336.25pt too wide) detected at line 827
[]
 []


Underfull \vbox (badness 10000) detected at line 827
 []


Overfull \hbox (336.25pt too wide) detected at line 827
[]
 []


Underfull \vbox (badness 10000) detected at line 827
 []


Overfull \hbox (336.25pt too wide) detected at line 827
[]
 []

Chapter 3.
<02-Trend_files/figure-latex/nt1-1.pdf, id=430, 469.755pt x 325.215pt>
File: 02-Trend_files/figure-latex/nt1-1.pdf Graphic file (type pdf)
<use 02-Trend_files/figure-latex/nt1-1.pdf>
Package pdftex.def Info: 02-Trend_files/figure-latex/nt1-1.pdf  used on input line 838.
(pdftex.def)             Requested size: 336.49588pt x 232.95868pt.

Underfull \hbox (badness 10000) has occurred while \output is active
 [][][][] 
 []

[17


pdfTeX warning (ext4): destination with the same identifier (name{figure.3.1}) has been already used, duplicate ignored
<argument> ...shipout:D \box_use:N \l_shipout_box 
                                                  \__shipout_drop_firstpage_...
l.849   (
         Q00) - Anencephaly and similar malformations: there is no significa... <./02-Trend_files/figure-latex/nt1-1.pdf>]
<02-Trend_files/figure-latex/nt11-1.pdf, id=446, 469.755pt x 325.215pt>
File: 02-Trend_files/figure-latex/nt11-1.pdf Graphic file (type pdf)
<use 02-Trend_files/figure-latex/nt11-1.pdf>
Package pdftex.def Info: 02-Trend_files/figure-latex/nt11-1.pdf  used on input line 858.
(pdftex.def)             Requested size: 336.49588pt x 232.95868pt.
<02-Trend_files/figure-latex/nt12-1.pdf, id=447, 469.755pt x 325.215pt>
File: 02-Trend_files/figure-latex/nt12-1.pdf Graphic file (type pdf)
<use 02-Trend_files/figure-latex/nt12-1.pdf>
Package pdftex.def Info: 02-Trend_files/figure-latex/nt12-1.pdf  used on input line 867.
(pdftex.def)             Requested size: 336.49588pt x 232.95868pt.

LaTeX Warning: `h' float specifier changed to `ht'.

<02-Trend_files/figure-latex/nt13-1.pdf, id=448, 469.755pt x 325.215pt>
File: 02-Trend_files/figure-latex/nt13-1.pdf Graphic file (type pdf)
<use 02-Trend_files/figure-latex/nt13-1.pdf>
Package pdftex.def Info: 02-Trend_files/figure-latex/nt13-1.pdf  used on input line 876.
(pdftex.def)             Requested size: 218.72054pt x 151.4219pt.

LaTeX Warning: `h' float specifier changed to `ht'.

[18
pdfTeX warning (ext4): destination with the same identifier (name{figure.3.2}) has been already used, duplicate ignored
<argument> ...shipout:D \box_use:N \l_shipout_box 
                                                  \__shipout_drop_firstpage_...
l.883 \clearpage
                 <./02-Trend_files/figure-latex/nt11-1.pdf>] [19
pdfTeX warning (ext4): destination with the same identifier (name{figure.3.3}) has been already used, duplicate ignored
<argument> ...shipout:D \box_use:N \l_shipout_box 
                                                  \__shipout_drop_firstpage_...
l.883 \clearpage
                
pdfTeX warning (ext4): destination with the same identifier (name{figure.3.4}) has been already used, duplicate ignored
<argument> ...shipout:D \box_use:N \l_shipout_box 
                                                  \__shipout_drop_firstpage_...
l.883 \clearpage
                 <./02-Trend_files/figure-latex/nt12-1.pdf> <./02-Trend_files/figure-latex/nt13-1.pdf>] [20

] [21

] [22

]
Underfull \vbox (badness 10000) detected at line 901
 []


Overfull \hbox (336.25pt too wide) detected at line 901
[]
 []


Underfull \vbox (badness 10000) detected at line 901
 []


Overfull \hbox (336.25pt too wide) detected at line 901
[]
 []


Underfull \vbox (badness 10000) detected at line 901
 []


Overfull \hbox (336.25pt too wide) detected at line 901
[]
 []


Underfull \vbox (badness 10000) detected at line 901
 []


Overfull \hbox (336.25pt too wide) detected at line 901
[]
 []


Underfull \hbox (badness 10000) detected at line 901
[]
 []


Underfull \hbox (badness 10000) has occurred while \output is active
 [][][][] 
 []

[23



] [24] [25]
Overfull \hbox (39.66388pt too wide) in alignment at lines 993--997
 [] [] [] [] [] [] [] 
 []


Overfull \hbox (39.66388pt too wide) in alignment at lines 997--1002
 [] [] [] [] [] [] [] 
 []


Overfull \hbox (39.66388pt too wide) in alignment at lines 1002--1004
 [] [] [] [] [] [] [] 
 []


Overfull \hbox (39.66388pt too wide) in alignment at lines 1004--1006
 [] [] [] [] [] [] [] 
 []


Overfull \hbox (39.66388pt too wide) in alignment at lines 1006--1018
 [] [] [] [] [] [] [] 
 []


Overfull \hbox (44.84427pt too wide) in alignment at lines 1026--1030
 [] [] [] [] 
 []


Overfull \hbox (44.84427pt too wide) in alignment at lines 1030--1035
 [] [] [] [] 
 []


Overfull \hbox (44.84427pt too wide) in alignment at lines 1035--1037
 [] [] [] [] 
 []


Overfull \hbox (44.84427pt too wide) in alignment at lines 1037--1039
 [] [] [] [] 
 []

<H:/RCP/RCP_Data/TeixeiEC/Anomalies/anomaly-report/03-Appendix_files/figure-latex/plot_11f44a12631.pdf, id=523, 48.18pt x 12.045pt>
File: H:/RCP/RCP_Data/TeixeiEC/Anomalies/anomaly-report/03-Appendix_files/figure-latex/plot_11f44a12631.pdf Graphic file (type pdf)
<use H:/RCP/RCP_Data/TeixeiEC/Anomalies/anomaly-report/03-Appendix_files/figure-latex/plot_11f44a12631.pdf>
Package pdftex.def Info: H:/RCP/RCP_Data/TeixeiEC/Anomalies/anomaly-report/03-Appendix_files/figure-latex/plot_11f44a12631.pdf  used on input line 1040.
(pdftex.def)             Requested size: 48.42024pt x 12.10504pt.
<H:/RCP/RCP_Data/TeixeiEC/Anomalies/anomaly-report/03-Appendix_files/figure-latex/plot_11f414a11ff2.pdf, id=524, 48.18pt x 12.045pt>
File: H:/RCP/RCP_Data/TeixeiEC/Anomalies/anomaly-report/03-Appendix_files/figure-latex/plot_11f414a11ff2.pdf Graphic file (type pdf)
<use H:/RCP/RCP_Data/TeixeiEC/Anomalies/anomaly-report/03-Appendix_files/figure-latex/plot_11f414a11ff2.pdf>
Package pdftex.def Info: H:/RCP/RCP_Data/TeixeiEC/Anomalies/anomaly-report/03-Appendix_files/figure-latex/plot_11f414a11ff2.pdf  used on input line 1041.
(pdftex.def)             Requested size: 48.42024pt x 12.10504pt.
<H:/RCP/RCP_Data/TeixeiEC/Anomalies/anomaly-report/03-Appendix_files/figure-latex/plot_11f47be057c7.pdf, id=525, 48.18pt x 12.045pt>
File: H:/RCP/RCP_Data/TeixeiEC/Anomalies/anomaly-report/03-Appendix_files/figure-latex/plot_11f47be057c7.pdf Graphic file (type pdf)
<use H:/RCP/RCP_Data/TeixeiEC/Anomalies/anomaly-report/03-Appendix_files/figure-latex/plot_11f47be057c7.pdf>
Package pdftex.def Info: H:/RCP/RCP_Data/TeixeiEC/Anomalies/anomaly-report/03-Appendix_files/figure-latex/plot_11f47be057c7.pdf  used on input line 1042.
(pdftex.def)             Requested size: 48.42024pt x 12.10504pt.
<H:/RCP/RCP_Data/TeixeiEC/Anomalies/anomaly-report/03-Appendix_files/figure-latex/plot_11f448ad4b46.pdf, id=526, 48.18pt x 12.045pt>
File: H:/RCP/RCP_Data/TeixeiEC/Anomalies/anomaly-report/03-Appendix_files/figure-latex/plot_11f448ad4b46.pdf Graphic file (type pdf)
<use H:/RCP/RCP_Data/TeixeiEC/Anomalies/anomaly-report/03-Appendix_files/figure-latex/plot_11f448ad4b46.pdf>
Package pdftex.def Info: H:/RCP/RCP_Data/TeixeiEC/Anomalies/anomaly-report/03-Appendix_files/figure-latex/plot_11f448ad4b46.pdf  used on input line 1043.
(pdftex.def)             Requested size: 48.42024pt x 12.10504pt.
<H:/RCP/RCP_Data/TeixeiEC/Anomalies/anomaly-report/03-Appendix_files/figure-latex/plot_11f471763c51.pdf, id=527, 48.18pt x 12.045pt>
File: H:/RCP/RCP_Data/TeixeiEC/Anomalies/anomaly-report/03-Appendix_files/figure-latex/plot_11f471763c51.pdf Graphic file (type pdf)
<use H:/RCP/RCP_Data/TeixeiEC/Anomalies/anomaly-report/03-Appendix_files/figure-latex/plot_11f471763c51.pdf>
Package pdftex.def Info: H:/RCP/RCP_Data/TeixeiEC/Anomalies/anomaly-report/03-Appendix_files/figure-latex/plot_11f471763c51.pdf  used on input line 1044.
(pdftex.def)             Requested size: 48.42024pt x 12.10504pt.
<H:/RCP/RCP_Data/TeixeiEC/Anomalies/anomaly-report/03-Appendix_files/figure-latex/plot_11f474272bf2.pdf, id=528, 48.18pt x 12.045pt>
File: H:/RCP/RCP_Data/TeixeiEC/Anomalies/anomaly-report/03-Appendix_files/figure-latex/plot_11f474272bf2.pdf Graphic file (type pdf)
<use H:/RCP/RCP_Data/TeixeiEC/Anomalies/anomaly-report/03-Appendix_files/figure-latex/plot_11f474272bf2.pdf>
Package pdftex.def Info: H:/RCP/RCP_Data/TeixeiEC/Anomalies/anomaly-report/03-Appendix_files/figure-latex/plot_11f474272bf2.pdf  used on input line 1046.
(pdftex.def)             Requested size: 48.42024pt x 12.10504pt.
<H:/RCP/RCP_Data/TeixeiEC/Anomalies/anomaly-report/03-Appendix_files/figure-latex/plot_11f47fb37c8a.pdf, id=529, 48.18pt x 12.045pt>
File: H:/RCP/RCP_Data/TeixeiEC/Anomalies/anomaly-report/03-Appendix_files/figure-latex/plot_11f47fb37c8a.pdf Graphic file (type pdf)
<use H:/RCP/RCP_Data/TeixeiEC/Anomalies/anomaly-report/03-Appendix_files/figure-latex/plot_11f47fb37c8a.pdf>
Package pdftex.def Info: H:/RCP/RCP_Data/TeixeiEC/Anomalies/anomaly-report/03-Appendix_files/figure-latex/plot_11f47fb37c8a.pdf  used on input line 1047.
(pdftex.def)             Requested size: 48.42024pt x 12.10504pt.
<H:/RCP/RCP_Data/TeixeiEC/Anomalies/anomaly-report/03-Appendix_files/figure-latex/plot_11f45bef7f2b.pdf, id=530, 48.18pt x 12.045pt>
File: H:/RCP/RCP_Data/TeixeiEC/Anomalies/anomaly-report/03-Appendix_files/figure-latex/plot_11f45bef7f2b.pdf Graphic file (type pdf)
<use H:/RCP/RCP_Data/TeixeiEC/Anomalies/anomaly-report/03-Appendix_files/figure-latex/plot_11f45bef7f2b.pdf>
Package pdftex.def Info: H:/RCP/RCP_Data/TeixeiEC/Anomalies/anomaly-report/03-Appendix_files/figure-latex/plot_11f45bef7f2b.pdf  used on input line 1048.
(pdftex.def)             Requested size: 48.42024pt x 12.10504pt.
<H:/RCP/RCP_Data/TeixeiEC/Anomalies/anomaly-report/03-Appendix_files/figure-latex/plot_11f43a77042.pdf, id=531, 48.18pt x 12.045pt>
File: H:/RCP/RCP_Data/TeixeiEC/Anomalies/anomaly-report/03-Appendix_files/figure-latex/plot_11f43a77042.pdf Graphic file (type pdf)
<use H:/RCP/RCP_Data/TeixeiEC/Anomalies/anomaly-report/03-Appendix_files/figure-latex/plot_11f43a77042.pdf>
Package pdftex.def Info: H:/RCP/RCP_Data/TeixeiEC/Anomalies/anomaly-report/03-Appendix_files/figure-latex/plot_11f43a77042.pdf  used on input line 1049.
(pdftex.def)             Requested size: 48.42024pt x 12.10504pt.
<H:/RCP/RCP_Data/TeixeiEC/Anomalies/anomaly-report/03-Appendix_files/figure-latex/plot_11f424ec2779.pdf, id=532, 48.18pt x 12.045pt>
File: H:/RCP/RCP_Data/TeixeiEC/Anomalies/anomaly-report/03-Appendix_files/figure-latex/plot_11f424ec2779.pdf Graphic file (type pdf)
<use H:/RCP/RCP_Data/TeixeiEC/Anomalies/anomaly-report/03-Appendix_files/figure-latex/plot_11f424ec2779.pdf>
Package pdftex.def Info: H:/RCP/RCP_Data/TeixeiEC/Anomalies/anomaly-report/03-Appendix_files/figure-latex/plot_11f424ec2779.pdf  used on input line 1050.
(pdftex.def)             Requested size: 48.42024pt x 12.10504pt.
<H:/RCP/RCP_Data/TeixeiEC/Anomalies/anomaly-report/03-Appendix_files/figure-latex/plot_11f47bab7edb.pdf, id=533, 48.18pt x 12.045pt>
File: H:/RCP/RCP_Data/TeixeiEC/Anomalies/anomaly-report/03-Appendix_files/figure-latex/plot_11f47bab7edb.pdf Graphic file (type pdf)
<use H:/RCP/RCP_Data/TeixeiEC/Anomalies/anomaly-report/03-Appendix_files/figure-latex/plot_11f47bab7edb.pdf>
Package pdftex.def Info: H:/RCP/RCP_Data/TeixeiEC/Anomalies/anomaly-report/03-Appendix_files/figure-latex/plot_11f47bab7edb.pdf  used on input line 1052.
(pdftex.def)             Requested size: 48.42024pt x 12.10504pt.
<H:/RCP/RCP_Data/TeixeiEC/Anomalies/anomaly-report/03-Appendix_files/figure-latex/plot_11f43a843539.pdf, id=534, 48.18pt x 12.045pt>
File: H:/RCP/RCP_Data/TeixeiEC/Anomalies/anomaly-report/03-Appendix_files/figure-latex/plot_11f43a843539.pdf Graphic file (type pdf)
<use H:/RCP/RCP_Data/TeixeiEC/Anomalies/anomaly-report/03-Appendix_files/figure-latex/plot_11f43a843539.pdf>
Package pdftex.def Info: H:/RCP/RCP_Data/TeixeiEC/Anomalies/anomaly-report/03-Appendix_files/figure-latex/plot_11f43a843539.pdf  used on input line 1053.
(pdftex.def)             Requested size: 48.42024pt x 12.10504pt.
<H:/RCP/RCP_Data/TeixeiEC/Anomalies/anomaly-report/03-Appendix_files/figure-latex/plot_11f475d84fcd.pdf, id=535, 48.18pt x 12.045pt>
File: H:/RCP/RCP_Data/TeixeiEC/Anomalies/anomaly-report/03-Appendix_files/figure-latex/plot_11f475d84fcd.pdf Graphic file (type pdf)
<use H:/RCP/RCP_Data/TeixeiEC/Anomalies/anomaly-report/03-Appendix_files/figure-latex/plot_11f475d84fcd.pdf>
Package pdftex.def Info: H:/RCP/RCP_Data/TeixeiEC/Anomalies/anomaly-report/03-Appendix_files/figure-latex/plot_11f475d84fcd.pdf  used on input line 1054.
(pdftex.def)             Requested size: 48.42024pt x 12.10504pt.
<H:/RCP/RCP_Data/TeixeiEC/Anomalies/anomaly-report/03-Appendix_files/figure-latex/plot_11f445243f1e.pdf, id=536, 48.18pt x 12.045pt>
File: H:/RCP/RCP_Data/TeixeiEC/Anomalies/anomaly-report/03-Appendix_files/figure-latex/plot_11f445243f1e.pdf Graphic file (type pdf)
<use H:/RCP/RCP_Data/TeixeiEC/Anomalies/anomaly-report/03-Appendix_files/figure-latex/plot_11f445243f1e.pdf>
Package pdftex.def Info: H:/RCP/RCP_Data/TeixeiEC/Anomalies/anomaly-report/03-Appendix_files/figure-latex/plot_11f445243f1e.pdf  used on input line 1055.
(pdftex.def)             Requested size: 48.42024pt x 12.10504pt.
<H:/RCP/RCP_Data/TeixeiEC/Anomalies/anomaly-report/03-Appendix_files/figure-latex/plot_11f4e8e4b23.pdf, id=537, 48.18pt x 12.045pt>
File: H:/RCP/RCP_Data/TeixeiEC/Anomalies/anomaly-report/03-Appendix_files/figure-latex/plot_11f4e8e4b23.pdf Graphic file (type pdf)
<use H:/RCP/RCP_Data/TeixeiEC/Anomalies/anomaly-report/03-Appendix_files/figure-latex/plot_11f4e8e4b23.pdf>
Package pdftex.def Info: H:/RCP/RCP_Data/TeixeiEC/Anomalies/anomaly-report/03-Appendix_files/figure-latex/plot_11f4e8e4b23.pdf  used on input line 1056.
(pdftex.def)             Requested size: 48.42024pt x 12.10504pt.
<H:/RCP/RCP_Data/TeixeiEC/Anomalies/anomaly-report/03-Appendix_files/figure-latex/plot_11f430beaab.pdf, id=538, 48.18pt x 12.045pt>
File: H:/RCP/RCP_Data/TeixeiEC/Anomalies/anomaly-report/03-Appendix_files/figure-latex/plot_11f430beaab.pdf Graphic file (type pdf)
<use H:/RCP/RCP_Data/TeixeiEC/Anomalies/anomaly-report/03-Appendix_files/figure-latex/plot_11f430beaab.pdf>
Package pdftex.def Info: H:/RCP/RCP_Data/TeixeiEC/Anomalies/anomaly-report/03-Appendix_files/figure-latex/plot_11f430beaab.pdf  used on input line 1058.
(pdftex.def)             Requested size: 48.42024pt x 12.10504pt.
<H:/RCP/RCP_Data/TeixeiEC/Anomalies/anomaly-report/03-Appendix_files/figure-latex/plot_11f47eef69fd.pdf, id=539, 48.18pt x 12.045pt>
File: H:/RCP/RCP_Data/TeixeiEC/Anomalies/anomaly-report/03-Appendix_files/figure-latex/plot_11f47eef69fd.pdf Graphic file (type pdf)
<use H:/RCP/RCP_Data/TeixeiEC/Anomalies/anomaly-report/03-Appendix_files/figure-latex/plot_11f47eef69fd.pdf>
Package pdftex.def Info: H:/RCP/RCP_Data/TeixeiEC/Anomalies/anomaly-report/03-Appendix_files/figure-latex/plot_11f47eef69fd.pdf  used on input line 1059.
(pdftex.def)             Requested size: 48.42024pt x 12.10504pt.
<H:/RCP/RCP_Data/TeixeiEC/Anomalies/anomaly-report/03-Appendix_files/figure-latex/plot_11f443464bb.pdf, id=540, 48.18pt x 12.045pt>
File: H:/RCP/RCP_Data/TeixeiEC/Anomalies/anomaly-report/03-Appendix_files/figure-latex/plot_11f443464bb.pdf Graphic file (type pdf)
<use H:/RCP/RCP_Data/TeixeiEC/Anomalies/anomaly-report/03-Appendix_files/figure-latex/plot_11f443464bb.pdf>
Package pdftex.def Info: H:/RCP/RCP_Data/TeixeiEC/Anomalies/anomaly-report/03-Appendix_files/figure-latex/plot_11f443464bb.pdf  used on input line 1060.
(pdftex.def)             Requested size: 48.42024pt x 12.10504pt.
<H:/RCP/RCP_Data/TeixeiEC/Anomalies/anomaly-report/03-Appendix_files/figure-latex/plot_11f43b62570c.pdf, id=541, 48.18pt x 12.045pt>
File: H:/RCP/RCP_Data/TeixeiEC/Anomalies/anomaly-report/03-Appendix_files/figure-latex/plot_11f43b62570c.pdf Graphic file (type pdf)
<use H:/RCP/RCP_Data/TeixeiEC/Anomalies/anomaly-report/03-Appendix_files/figure-latex/plot_11f43b62570c.pdf>
Package pdftex.def Info: H:/RCP/RCP_Data/TeixeiEC/Anomalies/anomaly-report/03-Appendix_files/figure-latex/plot_11f43b62570c.pdf  used on input line 1061.
(pdftex.def)             Requested size: 48.42024pt x 12.10504pt.
<H:/RCP/RCP_Data/TeixeiEC/Anomalies/anomaly-report/03-Appendix_files/figure-latex/plot_11f443349f9.pdf, id=542, 48.18pt x 12.045pt>
File: H:/RCP/RCP_Data/TeixeiEC/Anomalies/anomaly-report/03-Appendix_files/figure-latex/plot_11f443349f9.pdf Graphic file (type pdf)
<use H:/RCP/RCP_Data/TeixeiEC/Anomalies/anomaly-report/03-Appendix_files/figure-latex/plot_11f443349f9.pdf>
Package pdftex.def Info: H:/RCP/RCP_Data/TeixeiEC/Anomalies/anomaly-report/03-Appendix_files/figure-latex/plot_11f443349f9.pdf  used on input line 1062.
(pdftex.def)             Requested size: 48.42024pt x 12.10504pt.
<H:/RCP/RCP_Data/TeixeiEC/Anomalies/anomaly-report/03-Appendix_files/figure-latex/plot_11f422115f18.pdf, id=543, 48.18pt x 12.045pt>
File: H:/RCP/RCP_Data/TeixeiEC/Anomalies/anomaly-report/03-Appendix_files/figure-latex/plot_11f422115f18.pdf Graphic file (type pdf)
<use H:/RCP/RCP_Data/TeixeiEC/Anomalies/anomaly-report/03-Appendix_files/figure-latex/plot_11f422115f18.pdf>
Package pdftex.def Info: H:/RCP/RCP_Data/TeixeiEC/Anomalies/anomaly-report/03-Appendix_files/figure-latex/plot_11f422115f18.pdf  used on input line 1064.
(pdftex.def)             Requested size: 48.42024pt x 12.10504pt.
<H:/RCP/RCP_Data/TeixeiEC/Anomalies/anomaly-report/03-Appendix_files/figure-latex/plot_11f42e057f68.pdf, id=544, 48.18pt x 12.045pt>
File: H:/RCP/RCP_Data/TeixeiEC/Anomalies/anomaly-report/03-Appendix_files/figure-latex/plot_11f42e057f68.pdf Graphic file (type pdf)
<use H:/RCP/RCP_Data/TeixeiEC/Anomalies/anomaly-report/03-Appendix_files/figure-latex/plot_11f42e057f68.pdf>
Package pdftex.def Info: H:/RCP/RCP_Data/TeixeiEC/Anomalies/anomaly-report/03-Appendix_files/figure-latex/plot_11f42e057f68.pdf  used on input line 1065.
(pdftex.def)             Requested size: 48.42024pt x 12.10504pt.
<H:/RCP/RCP_Data/TeixeiEC/Anomalies/anomaly-report/03-Appendix_files/figure-latex/plot_11f4396b317d.pdf, id=545, 48.18pt x 12.045pt>
File: H:/RCP/RCP_Data/TeixeiEC/Anomalies/anomaly-report/03-Appendix_files/figure-latex/plot_11f4396b317d.pdf Graphic file (type pdf)
<use H:/RCP/RCP_Data/TeixeiEC/Anomalies/anomaly-report/03-Appendix_files/figure-latex/plot_11f4396b317d.pdf>
Package pdftex.def Info: H:/RCP/RCP_Data/TeixeiEC/Anomalies/anomaly-report/03-Appendix_files/figure-latex/plot_11f4396b317d.pdf  used on input line 1066.
(pdftex.def)             Requested size: 48.42024pt x 12.10504pt.
<H:/RCP/RCP_Data/TeixeiEC/Anomalies/anomaly-report/03-Appendix_files/figure-latex/plot_11f47eba3add.pdf, id=546, 48.18pt x 12.045pt>
File: H:/RCP/RCP_Data/TeixeiEC/Anomalies/anomaly-report/03-Appendix_files/figure-latex/plot_11f47eba3add.pdf Graphic file (type pdf)
<use H:/RCP/RCP_Data/TeixeiEC/Anomalies/anomaly-report/03-Appendix_files/figure-latex/plot_11f47eba3add.pdf>
Package pdftex.def Info: H:/RCP/RCP_Data/TeixeiEC/Anomalies/anomaly-report/03-Appendix_files/figure-latex/plot_11f47eba3add.pdf  used on input line 1067.
(pdftex.def)             Requested size: 48.42024pt x 12.10504pt.
<H:/RCP/RCP_Data/TeixeiEC/Anomalies/anomaly-report/03-Appendix_files/figure-latex/plot_11f47ea270a9.pdf, id=547, 48.18pt x 12.045pt>
File: H:/RCP/RCP_Data/TeixeiEC/Anomalies/anomaly-report/03-Appendix_files/figure-latex/plot_11f47ea270a9.pdf Graphic file (type pdf)
<use H:/RCP/RCP_Data/TeixeiEC/Anomalies/anomaly-report/03-Appendix_files/figure-latex/plot_11f47ea270a9.pdf>
Package pdftex.def Info: H:/RCP/RCP_Data/TeixeiEC/Anomalies/anomaly-report/03-Appendix_files/figure-latex/plot_11f47ea270a9.pdf  used on input line 1068.
(pdftex.def)             Requested size: 48.42024pt x 12.10504pt.
<H:/RCP/RCP_Data/TeixeiEC/Anomalies/anomaly-report/03-Appendix_files/figure-latex/plot_11f44583b80.pdf, id=548, 48.18pt x 12.045pt>
File: H:/RCP/RCP_Data/TeixeiEC/Anomalies/anomaly-report/03-Appendix_files/figure-latex/plot_11f44583b80.pdf Graphic file (type pdf)
<use H:/RCP/RCP_Data/TeixeiEC/Anomalies/anomaly-report/03-Appendix_files/figure-latex/plot_11f44583b80.pdf>
Package pdftex.def Info: H:/RCP/RCP_Data/TeixeiEC/Anomalies/anomaly-report/03-Appendix_files/figure-latex/plot_11f44583b80.pdf  used on input line 1070.
(pdftex.def)             Requested size: 48.42024pt x 12.10504pt.
<H:/RCP/RCP_Data/TeixeiEC/Anomalies/anomaly-report/03-Appendix_files/figure-latex/plot_11f4442e12a0.pdf, id=549, 48.18pt x 12.045pt>
File: H:/RCP/RCP_Data/TeixeiEC/Anomalies/anomaly-report/03-Appendix_files/figure-latex/plot_11f4442e12a0.pdf Graphic file (type pdf)
<use H:/RCP/RCP_Data/TeixeiEC/Anomalies/anomaly-report/03-Appendix_files/figure-latex/plot_11f4442e12a0.pdf>
Package pdftex.def Info: H:/RCP/RCP_Data/TeixeiEC/Anomalies/anomaly-report/03-Appendix_files/figure-latex/plot_11f4442e12a0.pdf  used on input line 1071.
(pdftex.def)             Requested size: 48.42024pt x 12.10504pt.
<H:/RCP/RCP_Data/TeixeiEC/Anomalies/anomaly-report/03-Appendix_files/figure-latex/plot_11f44866324e.pdf, id=550, 48.18pt x 12.045pt>
File: H:/RCP/RCP_Data/TeixeiEC/Anomalies/anomaly-report/03-Appendix_files/figure-latex/plot_11f44866324e.pdf Graphic file (type pdf)
<use H:/RCP/RCP_Data/TeixeiEC/Anomalies/anomaly-report/03-Appendix_files/figure-latex/plot_11f44866324e.pdf>
Package pdftex.def Info: H:/RCP/RCP_Data/TeixeiEC/Anomalies/anomaly-report/03-Appendix_files/figure-latex/plot_11f44866324e.pdf  used on input line 1072.
(pdftex.def)             Requested size: 48.42024pt x 12.10504pt.
<H:/RCP/RCP_Data/TeixeiEC/Anomalies/anomaly-report/03-Appendix_files/figure-latex/plot_11f420481179.pdf, id=551, 48.18pt x 12.045pt>
File: H:/RCP/RCP_Data/TeixeiEC/Anomalies/anomaly-report/03-Appendix_files/figure-latex/plot_11f420481179.pdf Graphic file (type pdf)
<use H:/RCP/RCP_Data/TeixeiEC/Anomalies/anomaly-report/03-Appendix_files/figure-latex/plot_11f420481179.pdf>
Package pdftex.def Info: H:/RCP/RCP_Data/TeixeiEC/Anomalies/anomaly-report/03-Appendix_files/figure-latex/plot_11f420481179.pdf  used on input line 1073.
(pdftex.def)             Requested size: 48.42024pt x 12.10504pt.
<H:/RCP/RCP_Data/TeixeiEC/Anomalies/anomaly-report/03-Appendix_files/figure-latex/plot_11f45725a9a.pdf, id=552, 48.18pt x 12.045pt>
File: H:/RCP/RCP_Data/TeixeiEC/Anomalies/anomaly-report/03-Appendix_files/figure-latex/plot_11f45725a9a.pdf Graphic file (type pdf)
<use H:/RCP/RCP_Data/TeixeiEC/Anomalies/anomaly-report/03-Appendix_files/figure-latex/plot_11f45725a9a.pdf>
Package pdftex.def Info: H:/RCP/RCP_Data/TeixeiEC/Anomalies/anomaly-report/03-Appendix_files/figure-latex/plot_11f45725a9a.pdf  used on input line 1074.
(pdftex.def)             Requested size: 48.42024pt x 12.10504pt.
<H:/RCP/RCP_Data/TeixeiEC/Anomalies/anomaly-report/03-Appendix_files/figure-latex/plot_11f46b706bde.pdf, id=553, 48.18pt x 12.045pt>
File: H:/RCP/RCP_Data/TeixeiEC/Anomalies/anomaly-report/03-Appendix_files/figure-latex/plot_11f46b706bde.pdf Graphic file (type pdf)
<use H:/RCP/RCP_Data/TeixeiEC/Anomalies/anomaly-report/03-Appendix_files/figure-latex/plot_11f46b706bde.pdf>
Package pdftex.def Info: H:/RCP/RCP_Data/TeixeiEC/Anomalies/anomaly-report/03-Appendix_files/figure-latex/plot_11f46b706bde.pdf  used on input line 1076.
(pdftex.def)             Requested size: 48.42024pt x 12.10504pt.
<H:/RCP/RCP_Data/TeixeiEC/Anomalies/anomaly-report/03-Appendix_files/figure-latex/plot_11f42d8c2287.pdf, id=554, 48.18pt x 12.045pt>
File: H:/RCP/RCP_Data/TeixeiEC/Anomalies/anomaly-report/03-Appendix_files/figure-latex/plot_11f42d8c2287.pdf Graphic file (type pdf)
<use H:/RCP/RCP_Data/TeixeiEC/Anomalies/anomaly-report/03-Appendix_files/figure-latex/plot_11f42d8c2287.pdf>
Package pdftex.def Info: H:/RCP/RCP_Data/TeixeiEC/Anomalies/anomaly-report/03-Appendix_files/figure-latex/plot_11f42d8c2287.pdf  used on input line 1077.
(pdftex.def)             Requested size: 48.42024pt x 12.10504pt.
<H:/RCP/RCP_Data/TeixeiEC/Anomalies/anomaly-report/03-Appendix_files/figure-latex/plot_11f44ee7758f.pdf, id=555, 48.18pt x 12.045pt>
File: H:/RCP/RCP_Data/TeixeiEC/Anomalies/anomaly-report/03-Appendix_files/figure-latex/plot_11f44ee7758f.pdf Graphic file (type pdf)
<use H:/RCP/RCP_Data/TeixeiEC/Anomalies/anomaly-report/03-Appendix_files/figure-latex/plot_11f44ee7758f.pdf>
Package pdftex.def Info: H:/RCP/RCP_Data/TeixeiEC/Anomalies/anomaly-report/03-Appendix_files/figure-latex/plot_11f44ee7758f.pdf  used on input line 1078.
(pdftex.def)             Requested size: 48.42024pt x 12.10504pt.
<H:/RCP/RCP_Data/TeixeiEC/Anomalies/anomaly-report/03-Appendix_files/figure-latex/plot_11f4c9238f.pdf, id=556, 48.18pt x 12.045pt>
File: H:/RCP/RCP_Data/TeixeiEC/Anomalies/anomaly-report/03-Appendix_files/figure-latex/plot_11f4c9238f.pdf Graphic file (type pdf)
<use H:/RCP/RCP_Data/TeixeiEC/Anomalies/anomaly-report/03-Appendix_files/figure-latex/plot_11f4c9238f.pdf>
Package pdftex.def Info: H:/RCP/RCP_Data/TeixeiEC/Anomalies/anomaly-report/03-Appendix_files/figure-latex/plot_11f4c9238f.pdf  used on input line 1079.
(pdftex.def)             Requested size: 48.42024pt x 12.10504pt.
<H:/RCP/RCP_Data/TeixeiEC/Anomalies/anomaly-report/03-Appendix_files/figure-latex/plot_11f4633677e0.pdf, id=557, 48.18pt x 12.045pt>
File: H:/RCP/RCP_Data/TeixeiEC/Anomalies/anomaly-report/03-Appendix_files/figure-latex/plot_11f4633677e0.pdf Graphic file (type pdf)
<use H:/RCP/RCP_Data/TeixeiEC/Anomalies/anomaly-report/03-Appendix_files/figure-latex/plot_11f4633677e0.pdf>
Package pdftex.def Info: H:/RCP/RCP_Data/TeixeiEC/Anomalies/anomaly-report/03-Appendix_files/figure-latex/plot_11f4633677e0.pdf  used on input line 1080.
(pdftex.def)             Requested size: 48.42024pt x 12.10504pt.
<H:/RCP/RCP_Data/TeixeiEC/Anomalies/anomaly-report/03-Appendix_files/figure-latex/plot_11f433c26b00.pdf, id=558, 48.18pt x 12.045pt>
File: H:/RCP/RCP_Data/TeixeiEC/Anomalies/anomaly-report/03-Appendix_files/figure-latex/plot_11f433c26b00.pdf Graphic file (type pdf)
<use H:/RCP/RCP_Data/TeixeiEC/Anomalies/anomaly-report/03-Appendix_files/figure-latex/plot_11f433c26b00.pdf>
Package pdftex.def Info: H:/RCP/RCP_Data/TeixeiEC/Anomalies/anomaly-report/03-Appendix_files/figure-latex/plot_11f433c26b00.pdf  used on input line 1082.
(pdftex.def)             Requested size: 48.42024pt x 12.10504pt.
<H:/RCP/RCP_Data/TeixeiEC/Anomalies/anomaly-report/03-Appendix_files/figure-latex/plot_11f45ea62237.pdf, id=559, 48.18pt x 12.045pt>
File: H:/RCP/RCP_Data/TeixeiEC/Anomalies/anomaly-report/03-Appendix_files/figure-latex/plot_11f45ea62237.pdf Graphic file (type pdf)
<use H:/RCP/RCP_Data/TeixeiEC/Anomalies/anomaly-report/03-Appendix_files/figure-latex/plot_11f45ea62237.pdf>
Package pdftex.def Info: H:/RCP/RCP_Data/TeixeiEC/Anomalies/anomaly-report/03-Appendix_files/figure-latex/plot_11f45ea62237.pdf  used on input line 1083.
(pdftex.def)             Requested size: 48.42024pt x 12.10504pt.
<H:/RCP/RCP_Data/TeixeiEC/Anomalies/anomaly-report/03-Appendix_files/figure-latex/plot_11f42612127a.pdf, id=560, 48.18pt x 12.045pt>
File: H:/RCP/RCP_Data/TeixeiEC/Anomalies/anomaly-report/03-Appendix_files/figure-latex/plot_11f42612127a.pdf Graphic file (type pdf)
<use H:/RCP/RCP_Data/TeixeiEC/Anomalies/anomaly-report/03-Appendix_files/figure-latex/plot_11f42612127a.pdf>
Package pdftex.def Info: H:/RCP/RCP_Data/TeixeiEC/Anomalies/anomaly-report/03-Appendix_files/figure-latex/plot_11f42612127a.pdf  used on input line 1084.
(pdftex.def)             Requested size: 48.42024pt x 12.10504pt.
<H:/RCP/RCP_Data/TeixeiEC/Anomalies/anomaly-report/03-Appendix_files/figure-latex/plot_11f453c54a8f.pdf, id=561, 48.18pt x 12.045pt>
File: H:/RCP/RCP_Data/TeixeiEC/Anomalies/anomaly-report/03-Appendix_files/figure-latex/plot_11f453c54a8f.pdf Graphic file (type pdf)
<use H:/RCP/RCP_Data/TeixeiEC/Anomalies/anomaly-report/03-Appendix_files/figure-latex/plot_11f453c54a8f.pdf>
Package pdftex.def Info: H:/RCP/RCP_Data/TeixeiEC/Anomalies/anomaly-report/03-Appendix_files/figure-latex/plot_11f453c54a8f.pdf  used on input line 1085.
(pdftex.def)             Requested size: 48.42024pt x 12.10504pt.
<H:/RCP/RCP_Data/TeixeiEC/Anomalies/anomaly-report/03-Appendix_files/figure-latex/plot_11f428dc2872.pdf, id=562, 48.18pt x 12.045pt>
File: H:/RCP/RCP_Data/TeixeiEC/Anomalies/anomaly-report/03-Appendix_files/figure-latex/plot_11f428dc2872.pdf Graphic file (type pdf)
<use H:/RCP/RCP_Data/TeixeiEC/Anomalies/anomaly-report/03-Appendix_files/figure-latex/plot_11f428dc2872.pdf>
Package pdftex.def Info: H:/RCP/RCP_Data/TeixeiEC/Anomalies/anomaly-report/03-Appendix_files/figure-latex/plot_11f428dc2872.pdf  used on input line 1086.
(pdftex.def)             Requested size: 48.42024pt x 12.10504pt.
<H:/RCP/RCP_Data/TeixeiEC/Anomalies/anomaly-report/03-Appendix_files/figure-latex/plot_11f47fe77df8.pdf, id=563, 48.18pt x 12.045pt>
File: H:/RCP/RCP_Data/TeixeiEC/Anomalies/anomaly-report/03-Appendix_files/figure-latex/plot_11f47fe77df8.pdf Graphic file (type pdf)
<use H:/RCP/RCP_Data/TeixeiEC/Anomalies/anomaly-report/03-Appendix_files/figure-latex/plot_11f47fe77df8.pdf>
Package pdftex.def Info: H:/RCP/RCP_Data/TeixeiEC/Anomalies/anomaly-report/03-Appendix_files/figure-latex/plot_11f47fe77df8.pdf  used on input line 1088.
(pdftex.def)             Requested size: 48.42024pt x 12.10504pt.
<H:/RCP/RCP_Data/TeixeiEC/Anomalies/anomaly-report/03-Appendix_files/figure-latex/plot_11f4554268b2.pdf, id=564, 48.18pt x 12.045pt>
File: H:/RCP/RCP_Data/TeixeiEC/Anomalies/anomaly-report/03-Appendix_files/figure-latex/plot_11f4554268b2.pdf Graphic file (type pdf)
<use H:/RCP/RCP_Data/TeixeiEC/Anomalies/anomaly-report/03-Appendix_files/figure-latex/plot_11f4554268b2.pdf>
Package pdftex.def Info: H:/RCP/RCP_Data/TeixeiEC/Anomalies/anomaly-report/03-Appendix_files/figure-latex/plot_11f4554268b2.pdf  used on input line 1089.
(pdftex.def)             Requested size: 48.42024pt x 12.10504pt.
<H:/RCP/RCP_Data/TeixeiEC/Anomalies/anomaly-report/03-Appendix_files/figure-latex/plot_11f429a36114.pdf, id=565, 48.18pt x 12.045pt>
File: H:/RCP/RCP_Data/TeixeiEC/Anomalies/anomaly-report/03-Appendix_files/figure-latex/plot_11f429a36114.pdf Graphic file (type pdf)
<use H:/RCP/RCP_Data/TeixeiEC/Anomalies/anomaly-report/03-Appendix_files/figure-latex/plot_11f429a36114.pdf>
Package pdftex.def Info: H:/RCP/RCP_Data/TeixeiEC/Anomalies/anomaly-report/03-Appendix_files/figure-latex/plot_11f429a36114.pdf  used on input line 1090.
(pdftex.def)             Requested size: 48.42024pt x 12.10504pt.
<H:/RCP/RCP_Data/TeixeiEC/Anomalies/anomaly-report/03-Appendix_files/figure-latex/plot_11f472ef44d6.pdf, id=566, 48.18pt x 12.045pt>
File: H:/RCP/RCP_Data/TeixeiEC/Anomalies/anomaly-report/03-Appendix_files/figure-latex/plot_11f472ef44d6.pdf Graphic file (type pdf)
<use H:/RCP/RCP_Data/TeixeiEC/Anomalies/anomaly-report/03-Appendix_files/figure-latex/plot_11f472ef44d6.pdf>
Package pdftex.def Info: H:/RCP/RCP_Data/TeixeiEC/Anomalies/anomaly-report/03-Appendix_files/figure-latex/plot_11f472ef44d6.pdf  used on input line 1091.
(pdftex.def)             Requested size: 48.42024pt x 12.10504pt.
<H:/RCP/RCP_Data/TeixeiEC/Anomalies/anomaly-report/03-Appendix_files/figure-latex/plot_11f4f52609b.pdf, id=567, 48.18pt x 12.045pt>
File: H:/RCP/RCP_Data/TeixeiEC/Anomalies/anomaly-report/03-Appendix_files/figure-latex/plot_11f4f52609b.pdf Graphic file (type pdf)
<use H:/RCP/RCP_Data/TeixeiEC/Anomalies/anomaly-report/03-Appendix_files/figure-latex/plot_11f4f52609b.pdf>
Package pdftex.def Info: H:/RCP/RCP_Data/TeixeiEC/Anomalies/anomaly-report/03-Appendix_files/figure-latex/plot_11f4f52609b.pdf  used on input line 1092.
(pdftex.def)             Requested size: 48.42024pt x 12.10504pt.
<H:/RCP/RCP_Data/TeixeiEC/Anomalies/anomaly-report/03-Appendix_files/figure-latex/plot_11f46e8e3cd1.pdf, id=568, 48.18pt x 12.045pt>
File: H:/RCP/RCP_Data/TeixeiEC/Anomalies/anomaly-report/03-Appendix_files/figure-latex/plot_11f46e8e3cd1.pdf Graphic file (type pdf)
<use H:/RCP/RCP_Data/TeixeiEC/Anomalies/anomaly-report/03-Appendix_files/figure-latex/plot_11f46e8e3cd1.pdf>
Package pdftex.def Info: H:/RCP/RCP_Data/TeixeiEC/Anomalies/anomaly-report/03-Appendix_files/figure-latex/plot_11f46e8e3cd1.pdf  used on input line 1094.
(pdftex.def)             Requested size: 48.42024pt x 12.10504pt.
<H:/RCP/RCP_Data/TeixeiEC/Anomalies/anomaly-report/03-Appendix_files/figure-latex/plot_11f4659331d8.pdf, id=569, 48.18pt x 12.045pt>
File: H:/RCP/RCP_Data/TeixeiEC/Anomalies/anomaly-report/03-Appendix_files/figure-latex/plot_11f4659331d8.pdf Graphic file (type pdf)
<use H:/RCP/RCP_Data/TeixeiEC/Anomalies/anomaly-report/03-Appendix_files/figure-latex/plot_11f4659331d8.pdf>
Package pdftex.def Info: H:/RCP/RCP_Data/TeixeiEC/Anomalies/anomaly-report/03-Appendix_files/figure-latex/plot_11f4659331d8.pdf  used on input line 1095.
(pdftex.def)             Requested size: 48.42024pt x 12.10504pt.
<H:/RCP/RCP_Data/TeixeiEC/Anomalies/anomaly-report/03-Appendix_files/figure-latex/plot_11f46051766.pdf, id=570, 48.18pt x 12.045pt>
File: H:/RCP/RCP_Data/TeixeiEC/Anomalies/anomaly-report/03-Appendix_files/figure-latex/plot_11f46051766.pdf Graphic file (type pdf)
<use H:/RCP/RCP_Data/TeixeiEC/Anomalies/anomaly-report/03-Appendix_files/figure-latex/plot_11f46051766.pdf>
Package pdftex.def Info: H:/RCP/RCP_Data/TeixeiEC/Anomalies/anomaly-report/03-Appendix_files/figure-latex/plot_11f46051766.pdf  used on input line 1096.
(pdftex.def)             Requested size: 48.42024pt x 12.10504pt.
<H:/RCP/RCP_Data/TeixeiEC/Anomalies/anomaly-report/03-Appendix_files/figure-latex/plot_11f465ca232a.pdf, id=571, 48.18pt x 12.045pt>
File: H:/RCP/RCP_Data/TeixeiEC/Anomalies/anomaly-report/03-Appendix_files/figure-latex/plot_11f465ca232a.pdf Graphic file (type pdf)
<use H:/RCP/RCP_Data/TeixeiEC/Anomalies/anomaly-report/03-Appendix_files/figure-latex/plot_11f465ca232a.pdf>
Package pdftex.def Info: H:/RCP/RCP_Data/TeixeiEC/Anomalies/anomaly-report/03-Appendix_files/figure-latex/plot_11f465ca232a.pdf  used on input line 1097.
(pdftex.def)             Requested size: 48.42024pt x 12.10504pt.
<H:/RCP/RCP_Data/TeixeiEC/Anomalies/anomaly-report/03-Appendix_files/figure-latex/plot_11f4226baaf.pdf, id=572, 48.18pt x 12.045pt>
File: H:/RCP/RCP_Data/TeixeiEC/Anomalies/anomaly-report/03-Appendix_files/figure-latex/plot_11f4226baaf.pdf Graphic file (type pdf)
<use H:/RCP/RCP_Data/TeixeiEC/Anomalies/anomaly-report/03-Appendix_files/figure-latex/plot_11f4226baaf.pdf>
Package pdftex.def Info: H:/RCP/RCP_Data/TeixeiEC/Anomalies/anomaly-report/03-Appendix_files/figure-latex/plot_11f4226baaf.pdf  used on input line 1098.
(pdftex.def)             Requested size: 48.42024pt x 12.10504pt.
<H:/RCP/RCP_Data/TeixeiEC/Anomalies/anomaly-report/03-Appendix_files/figure-latex/plot_11f46c9c3c84.pdf, id=573, 48.18pt x 12.045pt>
File: H:/RCP/RCP_Data/TeixeiEC/Anomalies/anomaly-report/03-Appendix_files/figure-latex/plot_11f46c9c3c84.pdf Graphic file (type pdf)
<use H:/RCP/RCP_Data/TeixeiEC/Anomalies/anomaly-report/03-Appendix_files/figure-latex/plot_11f46c9c3c84.pdf>
Package pdftex.def Info: H:/RCP/RCP_Data/TeixeiEC/Anomalies/anomaly-report/03-Appendix_files/figure-latex/plot_11f46c9c3c84.pdf  used on input line 1100.
(pdftex.def)             Requested size: 48.42024pt x 12.10504pt.
<H:/RCP/RCP_Data/TeixeiEC/Anomalies/anomaly-report/03-Appendix_files/figure-latex/plot_11f47796249a.pdf, id=574, 48.18pt x 12.045pt>
File: H:/RCP/RCP_Data/TeixeiEC/Anomalies/anomaly-report/03-Appendix_files/figure-latex/plot_11f47796249a.pdf Graphic file (type pdf)
<use H:/RCP/RCP_Data/TeixeiEC/Anomalies/anomaly-report/03-Appendix_files/figure-latex/plot_11f47796249a.pdf>
Package pdftex.def Info: H:/RCP/RCP_Data/TeixeiEC/Anomalies/anomaly-report/03-Appendix_files/figure-latex/plot_11f47796249a.pdf  used on input line 1101.
(pdftex.def)             Requested size: 48.42024pt x 12.10504pt.

Overfull \hbox (44.84427pt too wide) in alignment at lines 1039--1102
 [] [] [] [] 
 []

[26

 <h:/RCP/RCP_Data/TeixeiEC/Anomalies/anomaly-report/03-Appendix_files/figure-latex/plot_11f44a12631.pdf> <h:/RCP/RCP_Data/TeixeiEC/Anomalies/anomaly-report/03-Appendix_files/figure-latex/plot_11f414a11ff2.pdf> <h:/RCP/RCP_Data/TeixeiEC/Anomalies/anomaly-report/03-Appendix_files/figure-latex/plot_11f47be057c7.pdf> <h:/RCP/RCP_Data/TeixeiEC/Anomalies/anomaly-report/03-Appendix_files/figure-latex/plot_11f448ad4b46.pdf> <h:/RCP/RCP_Data/TeixeiEC/Anomalies/anomaly-report/03-Appendix_files/figure-latex/plot_11f471763c51.pdf> <h:/RCP/RCP_Data/TeixeiEC/Anomalies/anomaly-report/03-Appendix_files/figure-latex/plot_11f474272bf2.pdf> <h:/RCP/RCP_Data/TeixeiEC/Anomalies/anomaly-report/03-Appendix_files/figure-latex/plot_11f47fb37c8a.pdf> <h:/RCP/RCP_Data/TeixeiEC/Anomalies/anomaly-report/03-Appendix_files/figure-latex/plot_11f45bef7f2b.pdf> <h:/RCP/RCP_Data/TeixeiEC/Anomalies/anomaly-report/03-Appendix_files/figure-latex/plot_11f43a77042.pdf>] [27 <h:/RCP/RCP_Data/TeixeiEC/Anomalies/anomaly-report/03-Appendix_files/figure-latex/plot_11f424ec2779.pdf> <h:/RCP/RCP_Data/TeixeiEC/Anomalies/anomaly-report/03-Appendix_files/figure-latex/plot_11f47bab7edb.pdf> <h:/RCP/RCP_Data/TeixeiEC/Anomalies/anomaly-report/03-Appendix_files/figure-latex/plot_11f43a843539.pdf> <h:/RCP/RCP_Data/TeixeiEC/Anomalies/anomaly-report/03-Appendix_files/figure-latex/plot_11f475d84fcd.pdf> <h:/RCP/RCP_Data/TeixeiEC/Anomalies/anomaly-report/03-Appendix_files/figure-latex/plot_11f445243f1e.pdf> <h:/RCP/RCP_Data/TeixeiEC/Anomalies/anomaly-report/03-Appendix_files/figure-latex/plot_11f4e8e4b23.pdf> <h:/RCP/RCP_Data/TeixeiEC/Anomalies/anomaly-report/03-Appendix_files/figure-latex/plot_11f430beaab.pdf> <h:/RCP/RCP_Data/TeixeiEC/Anomalies/anomaly-report/03-Appendix_files/figure-latex/plot_11f47eef69fd.pdf> <h:/RCP/RCP_Data/TeixeiEC/Anomalies/anomaly-report/03-Appendix_files/figure-latex/plot_11f443464bb.pdf> <h:/RCP/RCP_Data/TeixeiEC/Anomalies/anomaly-report/03-Appendix_files/figure-latex/plot_11f43b62570c.pdf> <h:/RCP/RCP_Data/TeixeiEC/Anomalies/anomaly-report/03-Appendix_files/figure-latex/plot_11f443349f9.pdf> <h:/RCP/RCP_Data/TeixeiEC/Anomalies/anomaly-report/03-Appendix_files/figure-latex/plot_11f422115f18.pdf> <h:/RCP/RCP_Data/TeixeiEC/Anomalies/anomaly-report/03-Appendix_files/figure-latex/plot_11f42e057f68.pdf> <h:/RCP/RCP_Data/TeixeiEC/Anomalies/anomaly-report/03-Appendix_files/figure-latex/plot_11f4396b317d.pdf> <h:/RCP/RCP_Data/TeixeiEC/Anomalies/anomaly-report/03-Appendix_files/figure-latex/plot_11f47eba3add.pdf> <h:/RCP/RCP_Data/TeixeiEC/Anomalies/anomaly-report/03-Appendix_files/figure-latex/plot_11f47ea270a9.pdf> <h:/RCP/RCP_Data/TeixeiEC/Anomalies/anomaly-report/03-Appendix_files/figure-latex/plot_11f44583b80.pdf> <h:/RCP/RCP_Data/TeixeiEC/Anomalies/anomaly-report/03-Appendix_files/figure-latex/plot_11f4442e12a0.pdf> <h:/RCP/RCP_Data/TeixeiEC/Anomalies/anomaly-report/03-Appendix_files/figure-latex/plot_11f44866324e.pdf> <h:/RCP/RCP_Data/TeixeiEC/Anomalies/anomaly-report/03-Appendix_files/figure-latex/plot_11f420481179.pdf> <h:/RCP/RCP_Data/TeixeiEC/Anomalies/anomaly-report/03-Appendix_files/figure-latex/plot_11f45725a9a.pdf> <h:/RCP/RCP_Data/TeixeiEC/Anomalies/anomaly-report/03-Appendix_files/figure-latex/plot_11f46b706bde.pdf> <h:/RCP/RCP_Data/TeixeiEC/Anomalies/anomaly-report/03-Appendix_files/figure-latex/plot_11f42d8c2287.pdf> <h:/RCP/RCP_Data/TeixeiEC/Anomalies/anomaly-report/03-Appendix_files/figure-latex/plot_11f44ee7758f.pdf> <h:/RCP/RCP_Data/TeixeiEC/Anomalies/anomaly-report/03-Appendix_files/figure-latex/plot_11f4c9238f.pdf>] [28 <h:/RCP/RCP_Data/TeixeiEC/Anomalies/anomaly-report/03-Appendix_files/figure-latex/plot_11f4633677e0.pdf> <h:/RCP/RCP_Data/TeixeiEC/Anomalies/anomaly-report/03-Appendix_files/figure-latex/plot_11f433c26b00.pdf> <h:/RCP/RCP_Data/TeixeiEC/Anomalies/anomaly-report/03-Appendix_files/figure-latex/plot_11f45ea62237.pdf> <h:/RCP/RCP_Data/TeixeiEC/Anomalies/anomaly-report/03-Appendix_files/figure-latex/plot_11f42612127a.pdf> <h:/RCP/RCP_Data/TeixeiEC/Anomalies/anomaly-report/03-Appendix_files/figure-latex/plot_11f453c54a8f.pdf> <h:/RCP/RCP_Data/TeixeiEC/Anomalies/anomaly-report/03-Appendix_files/figure-latex/plot_11f428dc2872.pdf> <h:/RCP/RCP_Data/TeixeiEC/Anomalies/anomaly-report/03-Appendix_files/figure-latex/plot_11f47fe77df8.pdf> <h:/RCP/RCP_Data/TeixeiEC/Anomalies/anomaly-report/03-Appendix_files/figure-latex/plot_11f4554268b2.pdf> <h:/RCP/RCP_Data/TeixeiEC/Anomalies/anomaly-report/03-Appendix_files/figure-latex/plot_11f429a36114.pdf> <h:/RCP/RCP_Data/TeixeiEC/Anomalies/anomaly-report/03-Appendix_files/figure-latex/plot_11f472ef44d6.pdf> <h:/RCP/RCP_Data/TeixeiEC/Anomalies/anomaly-report/03-Appendix_files/figure-latex/plot_11f4f52609b.pdf> <h:/RCP/RCP_Data/TeixeiEC/Anomalies/anomaly-report/03-Appendix_files/figure-latex/plot_11f46e8e3cd1.pdf> <h:/RCP/RCP_Data/TeixeiEC/Anomalies/anomaly-report/03-Appendix_files/figure-latex/plot_11f4659331d8.pdf> <h:/RCP/RCP_Data/TeixeiEC/Anomalies/anomaly-report/03-Appendix_files/figure-latex/plot_11f46051766.pdf> <h:/RCP/RCP_Data/TeixeiEC/Anomalies/anomaly-report/03-Appendix_files/figure-latex/plot_11f465ca232a.pdf> <h:/RCP/RCP_Data/TeixeiEC/Anomalies/anomaly-report/03-Appendix_files/figure-latex/plot_11f4226baaf.pdf> <h:/RCP/RCP_Data/TeixeiEC/Anomalies/anomaly-report/03-Appendix_files/figure-latex/plot_11f46c9c3c84.pdf> <h:/RCP/RCP_Data/TeixeiEC/Anomalies/anomaly-report/03-Appendix_files/figure-latex/plot_11f47796249a.pdf>] (./anomaly-report.aux)
 ***********
LaTeX2e <2023-11-01> patch level 1
L3 programming layer <2024-01-04>
 ***********
Package rerunfilecheck Info: File `anomaly-report.out' has not changed.
(rerunfilecheck)             Checksum: AB54B0F7F1F7CD5D899BCF6F1397A53C;7189.
 ) 
Here is how much of TeX's memory you used:
 13958 strings out of 476131
 255112 string characters out of 5793228
 1984542 words of memory out of 5000000
 35601 multiletter control sequences out of 15000+600000
 644103 words of font info for 89 fonts, out of 8000000 for 9000
 14 hyphenation exceptions out of 8191
 78i,17n,99p,1296b,584s stack positions out of 10000i,1000n,20000p,200000b,200000s
<c:/Users/teixeiec/AppData/Roaming/TinyTeX/texmf-dist/fonts/type1/public/lm/lmbx10.pfb><c:/Users/teixeiec/AppData/Roaming/TinyTeX/texmf-dist/fonts/type1/public/lm/lmbx12.pfb><c:/Users/teixeiec/AppData/Roaming/TinyTeX/texmf-dist/fonts/type1/public/lm/lmbxi10.pfb><c:/Users/teixeiec/AppData/Roaming/TinyTeX/texmf-dist/fonts/type1/public/lm/lmbxo10.pfb><c:/Users/teixeiec/AppData/Roaming/TinyTeX/texmf-dist/fonts/type1/public/lm/lmex10.pfb><c:/Users/teixeiec/AppData/Roaming/TinyTeX/texmf-dist/fonts/type1/public/lm/lmmi10.pfb><c:/Users/teixeiec/AppData/Roaming/TinyTeX/texmf-dist/fonts/type1/public/lm/lmmi7.pfb><c:/Users/teixeiec/AppData/Roaming/TinyTeX/texmf-dist/fonts/type1/public/lm/lmmi8.pfb><c:/Users/teixeiec/AppData/Roaming/TinyTeX/texmf-dist/fonts/type1/public/lm/lmmi9.pfb><c:/Users/teixeiec/AppData/Roaming/TinyTeX/texmf-dist/fonts/type1/public/lm/lmr10.pfb><c:/Users/teixeiec/AppData/Roaming/TinyTeX/texmf-dist/fonts/type1/public/lm/lmr5.pfb><c:/Users/teixeiec/AppData/Roaming/TinyTeX/texmf-dist/fonts/type1/public/lm/lmr6.pfb><c:/Users/teixeiec/AppData/Roaming/TinyTeX/texmf-dist/fonts/type1/public/lm/lmr7.pfb><c:/Users/teixeiec/AppData/Roaming/TinyTeX/texmf-dist/fonts/type1/public/lm/lmr8.pfb><c:/Users/teixeiec/AppData/Roaming/TinyTeX/texmf-dist/fonts/type1/public/lm/lmr9.pfb><c:/Users/teixeiec/AppData/Roaming/TinyTeX/texmf-dist/fonts/type1/public/lm/lmri10.pfb><c:/Users/teixeiec/AppData/Roaming/TinyTeX/texmf-dist/fonts/type1/public/lm/lmri8.pfb><c:/Users/teixeiec/AppData/Roaming/TinyTeX/texmf-dist/fonts/type1/public/lm/lmro17.pfb><c:/Users/teixeiec/AppData/Roaming/TinyTeX/texmf-dist/fonts/type1/public/lm/lmsy10.pfb><c:/Users/teixeiec/AppData/Roaming/TinyTeX/texmf-dist/fonts/type1/public/lm/lmsy7.pfb><c:/Users/teixeiec/AppData/Roaming/TinyTeX/texmf-dist/fonts/type1/public/lm/lmsy8.pfb><c:/Users/teixeiec/AppData/Roaming/TinyTeX/texmf-dist/fonts/type1/public/lm/lmsy9.pfb>
Output written on anomaly-report.pdf (39 pages, 915932 bytes).
PDF statistics:
 895 PDF objects out of 1000 (max. 8388607)
 665 compressed objects within 7 object streams
 140 named destinations out of 1000 (max. 500000)
 557 words of extra memory for PDF output out of 10000 (max. 10000000)

