\BOOKMARK [0][-]{chapter*.1}{\376\377\000B\000a\000c\000k\000g\000r\000o\000u\000n\000d}{}% 1
\BOOKMARK [0][-]{chapter*.2}{\376\377\000S\000C\000A\000N\000-\000N\000S\000\040\000A\000c\000t\000i\000v\000i\000t\000y\000\040\000a\000n\000d\000\040\000R\000e\000p\000o\000r\000t\000\040\000S\000u\000m\000m\000a\000r\000y}{}% 2
\BOOKMARK [0][-]{chapter*.3}{\376\377\000I\000n\000t\000r\000o\000d\000u\000c\000t\000i\000o\000n}{}% 3
\BOOKMARK [0][-]{chapter.1}{\376\377\000M\000e\000t\000h\000o\000d\000o\000l\000o\000g\000y}{}% 4
\BOOKMARK [1][-]{section.1.1}{\376\377\000C\000a\000s\000e\000\040\000D\000e\000f\000i\000n\000i\000t\000i\000o\000n\000s}{chapter.1}% 5
\BOOKMARK [1][-]{section.1.2}{\376\377\000C\000a\000s\000e\000\040\000A\000c\000e\000r\000t\000a\000i\000n\000m\000e\000n\000t}{chapter.1}% 6
\BOOKMARK [1][-]{section.1.3}{\376\377\000Q\000u\000a\000l\000i\000t\000y\000\040\000C\000o\000n\000t\000r\000o\000l\000\040\000M\000e\000a\000s\000u\000r\000e\000s\000\040\000a\000n\000d\000\040\000D\000a\000t\000a\000\040\000L\000i\000n\000k\000a\000g\000e}{chapter.1}% 7
\BOOKMARK [1][-]{section.1.4}{\376\377\000C\000o\000n\000f\000i\000d\000e\000n\000t\000i\000a\000l\000i\000t\000y\000\040\000a\000n\000d\000\040\000R\000e\000l\000e\000a\000s\000e\000\040\000o\000f\000\040\000D\000a\000t\000a}{chapter.1}% 8
\BOOKMARK [0][-]{chapter.2}{\376\377\000P\000a\000t\000t\000e\000r\000n\000s\000\040\000o\000f\000\040\000S\000e\000l\000e\000c\000t\000e\000d\000\040\000C\000o\000n\000g\000e\000n\000i\000t\000a\000l\000\040\000A\000n\000o\000m\000a\000l\000i\000e\000s\000\040\000i\000n\000\040\000N\000o\000v\000a\000\040\000S\000c\000o\000t\000i\000a}{}% 9
\BOOKMARK [1][-]{section.2.1}{\376\377\000S\000e\000l\000e\000c\000t\000e\000d\000\040\000A\000n\000o\000m\000a\000l\000i\000e\000s}{chapter.2}% 10
\BOOKMARK [2][-]{subsection.2.1.1}{\376\377\000S\000e\000l\000e\000c\000t\000e\000d\000\040\000A\000n\000o\000m\000a\000l\000y\000\040\000D\000e\000f\000i\000n\000i\000t\000i\000o\000n\000s}{section.2.1}% 11
\BOOKMARK [3][-]{subsubsection.2.1.1.1}{\376\377\000N\000e\000u\000r\000a\000l\000\040\000t\000u\000b\000e\000\040\000d\000e\000f\000e\000c\000t\000s}{subsection.2.1.1}% 12
\BOOKMARK [3][-]{subsubsection.2.1.1.2}{\376\377\000S\000e\000l\000e\000c\000t\000e\000d\000\040\000c\000e\000n\000t\000r\000a\000l\000\040\000n\000e\000r\000v\000o\000u\000s\000\040\000s\000y\000s\000t\000e\000m\000\040\000d\000e\000f\000e\000c\000t\000s}{subsection.2.1.1}% 13
\BOOKMARK [3][-]{subsubsection.2.1.1.3}{\376\377\000S\000e\000l\000e\000c\000t\000e\000d\000\040\000s\000e\000n\000s\000e\000\040\000o\000r\000g\000a\000n\000\040\000d\000e\000f\000e\000c\000t\000s}{subsection.2.1.1}% 14
\BOOKMARK [3][-]{subsubsection.2.1.1.4}{\376\377\000S\000e\000l\000e\000c\000t\000e\000d\000\040\000c\000o\000n\000g\000e\000n\000i\000t\000a\000l\000\040\000h\000e\000a\000r\000t\000\040\000d\000e\000f\000e\000c\000t\000s}{subsection.2.1.1}% 15
\BOOKMARK [3][-]{subsubsection.2.1.1.5}{\376\377\000O\000r\000o\000-\000f\000a\000c\000i\000a\000l\000\040\000c\000l\000e\000f\000t\000s}{subsection.2.1.1}% 16
\BOOKMARK [3][-]{subsubsection.2.1.1.6}{\376\377\000S\000e\000l\000e\000c\000t\000e\000d\000\040\000g\000a\000s\000t\000r\000o\000i\000n\000t\000e\000s\000t\000i\000n\000a\000l\000\040\000d\000e\000f\000e\000c\000t\000s}{subsection.2.1.1}% 17
\BOOKMARK [3][-]{subsubsection.2.1.1.7}{\376\377\000S\000e\000l\000e\000c\000t\000e\000d\000\040\000g\000e\000n\000i\000t\000a\000l\000\040\000a\000n\000o\000m\000a\000l\000i\000e\000s}{subsection.2.1.1}% 18
\BOOKMARK [3][-]{subsubsection.2.1.1.8}{\376\377\000S\000e\000l\000e\000c\000t\000e\000d\000\040\000u\000r\000i\000n\000a\000r\000y\000\040\000t\000r\000a\000c\000t\000\040\000d\000e\000f\000e\000c\000t\000s}{subsection.2.1.1}% 19
\BOOKMARK [3][-]{subsubsection.2.1.1.9}{\376\377\000H\000i\000p\000\040\000d\000y\000s\000p\000l\000a\000s\000i\000a\000\040\000\050\000Q\0006\0005\000\051}{subsection.2.1.1}% 20
\BOOKMARK [3][-]{subsubsection.2.1.1.10}{\376\377\000L\000i\000m\000b\000\040\000d\000e\000f\000i\000c\000i\000e\000n\000c\000y\000\040\000d\000e\000f\000e\000c\000t\000s\000\040\000\050\000Q\0007\0001\000-\000Q\0007\0003\000\051}{subsection.2.1.1}% 21
\BOOKMARK [3][-]{subsubsection.2.1.1.11}{\376\377\000S\000e\000l\000e\000c\000t\000e\000d\000\040\000a\000b\000d\000o\000m\000i\000n\000a\000l\000\040\000w\000a\000l\000l\000\040\000d\000e\000f\000e\000c\000t\000s}{subsection.2.1.1}% 22
\BOOKMARK [3][-]{subsubsection.2.1.1.12}{\376\377\000S\000e\000l\000e\000c\000t\000e\000d\000\040\000c\000h\000r\000o\000m\000o\000s\000o\000m\000a\000l\000\040\000d\000e\000f\000e\000c\000t\000s}{subsection.2.1.1}% 23
\BOOKMARK [0][-]{chapter.3}{\376\377\000A\000n\000o\000m\000a\000l\000i\000e\000s\000\040\000O\000v\000e\000r\000v\000i\000e\000w}{}% 24
\BOOKMARK [1][-]{section.3.1}{\376\377\000N\000e\000u\000r\000a\000l\000\040\000t\000u\000b\000e\000\040\000d\000e\000f\000e\000c\000t\000s}{chapter.3}% 25
\BOOKMARK [1][-]{section.3.2}{\376\377\000S\000e\000l\000e\000c\000t\000e\000d\000\040\000c\000e\000n\000t\000r\000a\000l\000\040\000n\000e\000r\000v\000o\000u\000s\000\040\000s\000y\000s\000t\000e\000m\000\040\000d\000e\000f\000e\000c\000t\000s}{chapter.3}% 26
\BOOKMARK [1][-]{section.3.3}{\376\377\000S\000e\000l\000e\000c\000t\000e\000d\000\040\000s\000e\000n\000s\000e\000\040\000o\000r\000g\000a\000n\000\040\000d\000e\000f\000e\000c\000t\000s}{chapter.3}% 27
\BOOKMARK [1][-]{section.3.4}{\376\377\000S\000e\000l\000e\000c\000t\000e\000d\000\040\000c\000o\000n\000g\000e\000n\000i\000t\000a\000l\000\040\000h\000e\000a\000r\000t\000\040\000d\000e\000f\000e\000c\000t\000s}{chapter.3}% 28
\BOOKMARK [1][-]{section.3.5}{\376\377\000O\000r\000o\000-\000f\000a\000c\000i\000a\000l\000\040\000c\000l\000e\000f\000t\000s}{chapter.3}% 29
\BOOKMARK [1][-]{section.3.6}{\376\377\000S\000e\000l\000e\000c\000t\000e\000d\000\040\000g\000a\000s\000t\000r\000o\000i\000n\000t\000e\000s\000t\000i\000n\000a\000l\000\040\000d\000e\000f\000e\000c\000t\000s}{chapter.3}% 30
\BOOKMARK [1][-]{section.3.7}{\376\377\000S\000e\000l\000e\000c\000t\000e\000d\000\040\000g\000e\000n\000i\000t\000a\000l\000\040\000a\000n\000o\000m\000a\000l\000i\000e\000s}{chapter.3}% 31
\BOOKMARK [1][-]{section.3.8}{\376\377\000S\000e\000l\000e\000c\000t\000e\000d\000\040\000u\000r\000i\000n\000a\000r\000y\000\040\000t\000r\000a\000c\000t\000\040\000d\000e\000f\000e\000c\000t\000s}{chapter.3}% 32
\BOOKMARK [1][-]{section.3.9}{\376\377\000H\000i\000p\000\040\000d\000y\000s\000p\000l\000a\000s\000i\000a}{chapter.3}% 33
\BOOKMARK [1][-]{section.3.10}{\376\377\000L\000i\000m\000b\000\040\000d\000e\000f\000i\000c\000i\000e\000n\000c\000y\000\040\000d\000e\000f\000e\000c\000t\000s}{chapter.3}% 34
\BOOKMARK [1][-]{section.3.11}{\376\377\000S\000e\000l\000e\000c\000t\000e\000d\000\040\000a\000b\000d\000o\000m\000i\000n\000a\000l\000\040\000w\000a\000l\000l\000\040\000d\000e\000f\000e\000c\000t\000s}{chapter.3}% 35
\BOOKMARK [1][-]{section.3.12}{\376\377\000S\000e\000l\000e\000c\000t\000e\000d\000\040\000c\000h\000r\000o\000m\000o\000s\000o\000m\000a\000l\000\040\000d\000e\000f\000e\000c\000t\000s}{chapter.3}% 36
\BOOKMARK [0][-]{chapter*.10}{\376\377\000A\000p\000p\000e\000n\000d\000i\000x}{}% 37
\BOOKMARK [1][-]{section.3.13}{\376\377\000A\000p\000p\000e\000n\000d\000i\000x\000\040\0001\000\040\000-\000\040\000L\000i\000n\000e\000a\000r\000\040\000t\000r\000e\000n\000d\000\040\000a\000n\000a\000l\000y\000s\000i\000s\000\040\000a\000n\000d\000\040\000p\000-\000v\000a\000l\000u\000e\000s\000,\000\040\0001\0009\0008\0007\000-\0002\0000\0002\0001}{chapter*.10}% 38
\BOOKMARK [1][-]{section.3.14}{\376\377\000A\000p\000p\000e\000n\000d\000i\000x\000\040\0002\000\040\000-\000\040\000T\000o\000t\000a\000l\000\040\000b\000i\000r\000t\000h\000,\000\040\000n\000u\000m\000b\000e\000r\000\040\000o\000f\000\040\000c\000a\000s\000e\000s\000,\000\040\000a\000n\000o\000m\000a\000l\000i\000e\000s\000\040\000a\000n\000d\000\040\000a\000n\000o\000m\000a\000l\000i\000e\000s\000\040\000p\000e\000r\000\040\000c\000a\000s\000e\000,\000\040\0001\0009\0008\0007\000-\0002\0000\0002\0001}{chapter*.10}% 39
